Log file open, 10/01/19 16:26:48
LogWindows: Failed to load 'aqProf.dll' (GetLastError=126)
LogWindows: File 'aqProf.dll' does not exist
LogWindows: Failed to load 'VtuneApi.dll' (GetLastError=126)
LogWindows: File 'VtuneApi.dll' does not exist
LogWindows: Failed to load 'VtuneApi32e.dll' (GetLastError=126)
LogWindows: File 'VtuneApi32e.dll' does not exist
LogInit: Display: Running engine for game: ThighHighWellies
LogPlatformFile: Not using cached read wrapper
LogInit: Display: RandInit(-1882249088) SRandInit(-1882249087).
LogInit: Read version file with build ID '3944462'
LogInit: Overriding engine version to CL 4033788, compatible CL 3944462
LogInit: Registered custom module enumerator with build ID '3944462'
LogTaskGraph: Started task graph with 5 named threads and 14 total threads with 3 sets of task threads.
LogStats: Stats thread started at 0.273588
LogD3D11RHI: Aftermath initialized
LogICUInternationalization: Display: ICU TimeZone Detection - Raw Offset: +0:00, Platform Override: ''
LogModuleManager: Display: Found up-to-date module file ../../../Engine/Plugins/2D/Paper2D/Binaries/Win64/UE4Editor-Paper2D.dll (API version 3944462).
LogModuleManager: Display: Found up-to-date module file ../../../Engine/Plugins/2D/Paper2D/Binaries/Win64/UE4Editor-Paper2DEditor.dll (API version 3944462).
LogModuleManager: Display: Found up-to-date module file ../../../Engine/Plugins/2D/Paper2D/Binaries/Win64/UE4Editor-PaperSpriteSheetImporter.dll (API version 3944462).
LogModuleManager: Display: Found up-to-date module file ../../../Engine/Plugins/2D/Paper2D/Binaries/Win64/UE4Editor-PaperTiledImporter.dll (API version 3944462).
LogModuleManager: Display: Found up-to-date module file ../../../Engine/Plugins/2D/Paper2D/Binaries/Win64/UE4Editor-SmartSnapping.dll (API version 3944462).
LogModuleManager: Display: Found up-to-date module file ../../../Engine/Plugins/Blendables/LightPropagationVolume/Binaries/Win64/UE4Editor-LightPropagationVolumeRuntime.dll (API version 3944462).
LogModuleManager: Display: Found up-to-date module file ../../../Engine/Plugins/Blendables/LightPropagationVolume/Binaries/Win64/UE4Editor-LightPropagationVolumeEditor.dll (API version 3944462).
LogModuleManager: Display: Found up-to-date module file ../../../Engine/Plugins/Developer/CLionSourceCodeAccess/Binaries/Win64/UE4Editor-CLionSourceCodeAccess.dll (API version 3944462).
LogModuleManager: Display: Found up-to-date module file ../../../Engine/Plugins/Developer/GitSourceControl/Binaries/Win64/UE4Editor-GitSourceControl.dll (API version 3944462).
LogModuleManager: Display: Found up-to-date module file ../../../Engine/Plugins/Developer/PerforceSourceControl/Binaries/Win64/UE4Editor-PerforceSourceControl.dll (API version 3944462).
LogModuleManager: Display: Found up-to-date module file ../../../Engine/Plugins/Developer/SubversionSourceControl/Binaries/Win64/UE4Editor-SubversionSourceControl.dll (API version 3944462).
LogModuleManager: Display: Found up-to-date module file ../../../Engine/Plugins/Developer/UObjectPlugin/Binaries/Win64/UE4Editor-UObjectPlugin.dll (API version 3944462).
LogModuleManager: Display: Found up-to-date module file ../../../Engine/Plugins/Developer/VisualStudioCodeSourceCodeAccess/Binaries/Win64/UE4Editor-VisualStudioCodeSourceCodeAccess.dll (API version 3944462).
LogModuleManager: Display: Found up-to-date module file ../../../Engine/Plugins/Developer/VisualStudioSourceCodeAccess/Binaries/Win64/UE4Editor-VisualStudioSourceCodeAccess.dll (API version 3944462).
LogModuleManager: Display: Found up-to-date module file ../../../Engine/Plugins/Editor/AssetManagerEditor/Binaries/Win64/UE4Editor-AssetManagerEditor.dll (API version 3944462).
LogModuleManager: Display: Found up-to-date module file ../../../Engine/Plugins/Editor/CryptoKeys/Binaries/Win64/UE4Editor-CryptoKeys.dll (API version 3944462).
LogModuleManager: Display: Found up-to-date module file ../../../Engine/Plugins/Editor/CryptoKeys/Binaries/Win64/UE4Editor-CryptoKeysOpenSSL.dll (API version 3944462).
LogModuleManager: Display: Found up-to-date module file ../../../Engine/Plugins/Editor/DataValidation/Binaries/Win64/UE4Editor-DataValidation.dll (API version 3944462).
LogModuleManager: Display: Found up-to-date module file ../../../Engine/Plugins/Editor/FacialAnimation/Binaries/Win64/UE4Editor-FacialAnimation.dll (API version 3944462).
LogModuleManager: Display: Found up-to-date module file ../../../Engine/Plugins/Editor/FacialAnimation/Binaries/Win64/UE4Editor-FacialAnimationEditor.dll (API version 3944462).
LogModuleManager: Display: Found up-to-date module file ../../../Engine/Plugins/Editor/GameplayTagsEditor/Binaries/Win64/UE4Editor-GameplayTagsEditor.dll (API version 3944462).
LogModuleManager: Display: Found up-to-date module file ../../../Engine/Plugins/Editor/MobileLauncherProfileWizard/Binaries/Win64/UE4Editor-MobileLauncherProfileWizard.dll (API version 3944462).
LogModuleManager: Display: Found up-to-date module file ../../../Engine/Plugins/Editor/PluginBrowser/Binaries/Win64/UE4Editor-PluginBrowser.dll (API version 3944462).
LogModuleManager: Display: Found up-to-date module file ../../../Engine/Plugins/Editor/SpeedTreeImporter/Binaries/Win64/UE4Editor-SpeedTreeImporter.dll (API version 3944462).
LogModuleManager: Display: Found up-to-date module file ../../../Engine/Plugins/Enterprise/DatasmithContent/Binaries/Win64/UE4Editor-DatasmithContent.dll (API version 3944462).
LogModuleManager: Display: Found up-to-date module file ../../../Engine/Plugins/Experimental/AlembicImporter/Binaries/Win64/UE4Editor-AlembicImporter.dll (API version 3944462).
LogModuleManager: Display: Found up-to-date module file ../../../Engine/Plugins/Experimental/AlembicImporter/Binaries/Win64/UE4Editor-AlembicLibrary.dll (API version 3944462).
LogModuleManager: Display: Found up-to-date module file ../../../Engine/Plugins/Experimental/CharacterAI/Binaries/Win64/UE4Editor-CharacterAI.dll (API version 3944462).
LogModuleManager: Display: Found up-to-date module file ../../../Engine/Plugins/Experimental/HTML5Networking/Binaries/Win64/UE4Editor-HTML5Networking.dll (API version 3944462).
LogModuleManager: Display: Found up-to-date module file ../../../Engine/Plugins/Media/AndroidMedia/Binaries/Win64/UE4Editor-AndroidMediaEditor.dll (API version 3944462).
LogModuleManager: Display: Found up-to-date module file ../../../Engine/Plugins/Media/AndroidMedia/Binaries/Win64/UE4Editor-AndroidMediaFactory.dll (API version 3944462).
LogModuleManager: Display: Found up-to-date module file ../../../Engine/Plugins/Media/AvfMedia/Binaries/Win64/UE4Editor-AvfMediaEditor.dll (API version 3944462).
LogModuleManager: Display: Found up-to-date module file ../../../Engine/Plugins/Media/AvfMedia/Binaries/Win64/UE4Editor-AvfMediaFactory.dll (API version 3944462).
LogModuleManager: Display: Found up-to-date module file ../../../Engine/Plugins/Media/AvfMedia/Binaries/Win64/UE4Editor-AvfMediaFactory.dll (API version 3944462).
LogModuleManager: Display: Found up-to-date module file ../../../Engine/Plugins/Media/ImgMedia/Binaries/Win64/UE4Editor-ImgMedia.dll (API version 3944462).
LogModuleManager: Display: Found up-to-date module file ../../../Engine/Plugins/Media/ImgMedia/Binaries/Win64/UE4Editor-ImgMediaEditor.dll (API version 3944462).
LogModuleManager: Display: Found up-to-date module file ../../../Engine/Plugins/Media/ImgMedia/Binaries/Win64/UE4Editor-ImgMediaFactory.dll (API version 3944462).
LogModuleManager: Display: Found up-to-date module file ../../../Engine/Plugins/Media/ImgMedia/Binaries/Win64/UE4Editor-ImgMediaFactory.dll (API version 3944462).
LogModuleManager: Display: Found up-to-date module file ../../../Engine/Plugins/Media/ImgMedia/Binaries/Win64/UE4Editor-OpenExrWrapper.dll (API version 3944462).
LogModuleManager: Display: Found up-to-date module file ../../../Engine/Plugins/Media/LinearTimecode/Binaries/Win64/UE4Editor-LinearTimecode.dll (API version 3944462).
LogModuleManager: Display: Found up-to-date module file ../../../Engine/Plugins/Media/MediaCompositing/Binaries/Win64/UE4Editor-MediaCompositing.dll (API version 3944462).
LogModuleManager: Display: Found up-to-date module file ../../../Engine/Plugins/Media/MediaCompositing/Binaries/Win64/UE4Editor-MediaCompositingEditor.dll (API version 3944462).
LogModuleManager: Display: Found up-to-date module file ../../../Engine/Plugins/Media/MediaPlayerEditor/Binaries/Win64/UE4Editor-MediaPlayerEditor.dll (API version 3944462).
LogModuleManager: Display: Found up-to-date module file ../../../Engine/Plugins/Media/WmfMedia/Binaries/Win64/UE4Editor-WmfMedia.dll (API version 3944462).
LogModuleManager: Display: Found up-to-date module file ../../../Engine/Plugins/Media/WmfMedia/Binaries/Win64/UE4Editor-WmfMediaEditor.dll (API version 3944462).
LogModuleManager: Display: Found up-to-date module file ../../../Engine/Plugins/Media/WmfMedia/Binaries/Win64/UE4Editor-WmfMediaFactory.dll (API version 3944462).
LogModuleManager: Display: Found up-to-date module file ../../../Engine/Plugins/Media/WmfMedia/Binaries/Win64/UE4Editor-WmfMediaFactory.dll (API version 3944462).
LogModuleManager: Display: Found up-to-date module file ../../../Engine/Plugins/Messaging/TcpMessaging/Binaries/Win64/UE4Editor-TcpMessaging.dll (API version 3944462).
LogModuleManager: Display: Found up-to-date module file ../../../Engine/Plugins/Messaging/UdpMessaging/Binaries/Win64/UE4Editor-UdpMessaging.dll (API version 3944462).
LogModuleManager: Display: Found up-to-date module file ../../../Engine/Plugins/MovieScene/ActorSequence/Binaries/Win64/UE4Editor-ActorSequence.dll (API version 3944462).
LogModuleManager: Display: Found up-to-date module file ../../../Engine/Plugins/MovieScene/LevelSequenceEditor/Binaries/Win64/UE4Editor-LevelSequenceEditor.dll (API version 3944462).
LogModuleManager: Display: Found up-to-date module file ../../../Engine/Plugins/MovieScene/MatineeToLevelSequence/Binaries/Win64/UE4Editor-MatineeToLevelSequence.dll (API version 3944462).
LogModuleManager: Display: Found up-to-date module file ../../../Engine/Plugins/NetcodeUnitTest/NetcodeUnitTest/Binaries/Win64/UE4Editor-NetcodeUnitTest.dll (API version 3944462).
LogModuleManager: Display: Found up-to-date module file ../../../Engine/Plugins/NetcodeUnitTest/NUTUnrealEngine4/Binaries/Win64/UE4Editor-NUTUnrealEngine4.dll (API version 3944462).
LogModuleManager: Display: Found up-to-date module file ../../../Engine/Plugins/Online/OnlineSubsystem/Binaries/Win64/UE4Editor-OnlineSubsystem.dll (API version 3944462).
LogModuleManager: Display: Found up-to-date module file ../../../Engine/Plugins/Runtime/AndroidPermission/Binaries/Win64/UE4Editor-AndroidPermission.dll (API version 3944462).
LogModuleManager: Display: Found up-to-date module file ../../../Engine/Plugins/Online/OnlineSubsystemNull/Binaries/Win64/UE4Editor-OnlineSubsystemNull.dll (API version 3944462).
LogModuleManager: Display: Found up-to-date module file ../../../Engine/Plugins/Online/OnlineSubsystemUtils/Binaries/Win64/UE4Editor-OnlineSubsystemUtils.dll (API version 3944462).
LogModuleManager: Display: Found up-to-date module file ../../../Engine/Plugins/Online/OnlineSubsystemUtils/Binaries/Win64/UE4Editor-OnlineBlueprintSupport.dll (API version 3944462).
LogModuleManager: Display: Found up-to-date module file ../../../Engine/Plugins/Runtime/AndroidDeviceProfileSelector/Binaries/Win64/UE4Editor-AndroidDeviceProfileSelector.dll (API version 3944462).
LogModuleManager: Display: Found up-to-date module file ../../../Engine/Plugins/Runtime/AppleARKit/Binaries/Win64/UE4Editor-AppleARKit.dll (API version 3944462).
LogModuleManager: Display: Found up-to-date module file ../../../Engine/Plugins/Runtime/ProceduralMeshComponent/Binaries/Win64/UE4Editor-ProceduralMeshComponent.dll (API version 3944462).
LogModuleManager: Display: Found up-to-date module file ../../../Engine/Plugins/Runtime/ProceduralMeshComponent/Binaries/Win64/UE4Editor-ProceduralMeshComponentEditor.dll (API version 3944462).
LogModuleManager: Display: Found up-to-date module file ../../../Engine/Plugins/Animation/LiveLink/Binaries/Win64/UE4Editor-LiveLink.dll (API version 3944462).
LogModuleManager: Display: Found up-to-date module file ../../../Engine/Plugins/Animation/LiveLink/Binaries/Win64/UE4Editor-LiveLinkEditor.dll (API version 3944462).
LogModuleManager: Display: Found up-to-date module file ../../../Engine/Plugins/Runtime/ArchVisCharacter/Binaries/Win64/UE4Editor-ArchVisCharacter.dll (API version 3944462).
LogModuleManager: Display: Found up-to-date module file ../../../Engine/Plugins/Runtime/AudioCapture/Binaries/Win64/UE4Editor-AudioCapture.dll (API version 3944462).
LogModuleManager: Display: Found up-to-date module file ../../../Engine/Plugins/Runtime/AudioCapture/Binaries/Win64/UE4Editor-AudioCaptureEditor.dll (API version 3944462).
LogModuleManager: Display: Found up-to-date module file ../../../Engine/Plugins/Runtime/CableComponent/Binaries/Win64/UE4Editor-CableComponent.dll (API version 3944462).
LogModuleManager: Display: Found up-to-date module file ../../../Engine/Plugins/Runtime/CustomMeshComponent/Binaries/Win64/UE4Editor-CustomMeshComponent.dll (API version 3944462).
LogModuleManager: Display: Found up-to-date module file ../../../Engine/Plugins/Runtime/ExampleDeviceProfileSelector/Binaries/Win64/UE4Editor-ExampleDeviceProfileSelector.dll (API version 3944462).
LogModuleManager: Display: Found up-to-date module file ../../../Engine/Plugins/Runtime/ImmediatePhysics/Binaries/Win64/UE4Editor-ImmediatePhysics.dll (API version 3944462).
LogModuleManager: Display: Found up-to-date module file ../../../Engine/Plugins/Runtime/ImmediatePhysics/Binaries/Win64/UE4Editor-ImmediatePhysicsEditor.dll (API version 3944462).
LogModuleManager: Display: Found up-to-date module file ../../../Engine/Plugins/Runtime/LocationServicesBPLibrary/Binaries/Win64/UE4Editor-LocationServicesBPLibrary.dll (API version 3944462).
LogModuleManager: Display: Found up-to-date module file ../../../Engine/Plugins/Runtime/MobilePatchingUtils/Binaries/Win64/UE4Editor-MobilePatchingUtils.dll (API version 3944462).
LogModuleManager: Display: Found up-to-date module file ../../../Engine/Plugins/Runtime/Oculus/OculusVR/Binaries/Win64/UE4Editor-OculusHMD.dll (API version 3944462).
LogModuleManager: Display: Found up-to-date module file ../../../Engine/Plugins/Runtime/Oculus/OculusVR/Binaries/Win64/UE4Editor-OculusInput.dll (API version 3944462).
LogModuleManager: Display: Found up-to-date module file ../../../Engine/Plugins/Runtime/Oculus/OculusVR/Binaries/Win64/UE4Editor-OculusEditor.dll (API version 3944462).
LogModuleManager: Display: Found up-to-date module file ../../../Engine/Plugins/Runtime/PhysXVehicles/Binaries/Win64/UE4Editor-PhysXVehicles.dll (API version 3944462).
LogModuleManager: Display: Found up-to-date module file ../../../Engine/Plugins/Runtime/PhysXVehicles/Binaries/Win64/UE4Editor-PhysXVehiclesEditor.dll (API version 3944462).
LogModuleManager: Display: Found up-to-date module file ../../../Engine/Plugins/Runtime/RuntimePhysXCooking/Binaries/Win64/UE4Editor-RuntimePhysXCooking.dll (API version 3944462).
LogModuleManager: Display: Found up-to-date module file ../../../Engine/Plugins/Runtime/Steam/SteamVR/Binaries/Win64/UE4Editor-SteamVR.dll (API version 3944462).
LogModuleManager: Display: Found up-to-date module file ../../../Engine/Plugins/Runtime/Steam/SteamVR/Binaries/Win64/UE4Editor-SteamVRController.dll (API version 3944462).
LogModuleManager: Display: Found up-to-date module file ../../../Engine/Plugins/Runtime/WindowsMoviePlayer/Binaries/Win64/UE4Editor-WindowsMoviePlayer.dll (API version 3944462).
LogPluginManager: Mounting plugin Paper2D
LogPluginManager: Mounting plugin LiveLink
LogPluginManager: Mounting plugin LightPropagationVolume
LogPluginManager: Mounting plugin CLionSourceCodeAccess
LogPluginManager: Mounting plugin CodeLiteSourceCodeAccess
LogPluginManager: Mounting plugin GitSourceControl
LogPluginManager: Mounting plugin KDevelopSourceCodeAccess
LogPluginManager: Mounting plugin NullSourceCodeAccess
LogPluginManager: Mounting plugin PerforceSourceControl
LogPluginManager: Mounting plugin SubversionSourceControl
LogPluginManager: Mounting plugin UObjectPlugin
LogPluginManager: Mounting plugin VisualStudioCodeSourceCodeAccess
LogPluginManager: Mounting plugin VisualStudioSourceCodeAccess
LogPluginManager: Mounting plugin XCodeSourceCodeAccess
LogPluginManager: Mounting plugin AssetManagerEditor
LogPluginManager: Mounting plugin CryptoKeys
LogPluginManager: Mounting plugin DataValidation
LogPluginManager: Mounting plugin FacialAnimation
LogPluginManager: Mounting plugin GameplayTagsEditor
LogPluginManager: Mounting plugin MobileLauncherProfileWizard
LogPluginManager: Mounting plugin PluginBrowser
LogPluginManager: Mounting plugin SpeedTreeImporter
LogPluginManager: Mounting plugin DatasmithContent
LogPluginManager: Mounting plugin AlembicImporter
LogPluginManager: Mounting plugin CharacterAI
LogPluginManager: Mounting plugin HTML5Networking
LogPluginManager: Mounting plugin AndroidMedia
LogPluginManager: Mounting plugin AvfMedia
LogPluginManager: Mounting plugin ImgMedia
LogPluginManager: Mounting plugin LinearTimecode
LogPluginManager: Mounting plugin MediaCompositing
LogPluginManager: Mounting plugin MediaPlayerEditor
LogPluginManager: Mounting plugin WmfMedia
LogPluginManager: Mounting plugin TcpMessaging
LogPluginManager: Mounting plugin UdpMessaging
LogPluginManager: Mounting plugin ActorSequence
LogPluginManager: Mounting plugin LevelSequenceEditor
LogPluginManager: Mounting plugin MatineeToLevelSequence
LogPluginManager: Mounting plugin NetcodeUnitTest
LogPluginManager: Mounting plugin NUTUnrealEngine4
LogPluginManager: Mounting plugin OnlineSubsystemGooglePlay
LogPluginManager: Mounting plugin OnlineSubsystemIOS
LogPluginManager: Mounting plugin OnlineSubsystem
LogPluginManager: Mounting plugin OnlineSubsystemNull
LogPluginManager: Mounting plugin OnlineSubsystemUtils
LogPluginManager: Mounting plugin AndroidDeviceProfileSelector
LogPluginManager: Mounting plugin AndroidMoviePlayer
LogPluginManager: Mounting plugin AndroidPermission
LogPluginManager: Mounting plugin AppleARKit
LogPluginManager: Mounting plugin AppleMoviePlayer
LogPluginManager: Mounting plugin ArchVisCharacter
LogPluginManager: Mounting plugin AudioCapture
LogPluginManager: Mounting plugin CableComponent
LogPluginManager: Mounting plugin CustomMeshComponent
LogPluginManager: Mounting plugin ExampleDeviceProfileSelector
LogPluginManager: Mounting plugin GoogleCloudMessaging
LogPluginManager: Mounting plugin ImmediatePhysics
LogPluginManager: Mounting plugin IOSDeviceProfileSelector
LogPluginManager: Mounting plugin LinuxDeviceProfileSelector
LogPluginManager: Mounting plugin LocationServicesBPLibrary
LogPluginManager: Mounting plugin MobilePatchingUtils
LogPluginManager: Mounting plugin OculusVR
LogPluginManager: Plugin shader directory ../../../Engine/Plugins/Runtime/Oculus/OculusVR/Shaders found
LogPluginManager: Mapping shader source directory ../../../Engine/Plugins/Runtime/Oculus/OculusVR/Shaders to virtual directory /Plugin/OculusVR
LogPluginManager: Mounting plugin PhysXVehicles
LogPluginManager: Mounting plugin ProceduralMeshComponent
LogPluginManager: Mounting plugin RuntimePhysXCooking
LogPluginManager: Mounting plugin SteamVR
LogPluginManager: Mounting plugin WindowsMoviePlayer
LogStreaming: Display: Took  5.440s to configure plugins.
LogInit: Using libcurl 7.47.1
LogInit:  - built for x86_64-pc-win32
LogInit:  - supports SSL with OpenSSL/1.0.2g
LogInit:  - supports HTTP deflate (compression) using libz 1.2.8
LogInit:  - other features:
LogInit:      CURL_VERSION_SSL
LogInit:      CURL_VERSION_LIBZ
LogInit:      CURL_VERSION_IPV6
LogInit:      CURL_VERSION_ASYNCHDNS
LogInit:      CURL_VERSION_LARGEFILE
LogInit:      CURL_VERSION_IDN
LogInit:  CurlRequestOptions (configurable via config and command line):
LogInit:  - bVerifyPeer = false  - Libcurl will NOT verify peer certificate
LogInit:  - bUseHttpProxy = false  - Libcurl will NOT use HTTP proxy
LogInit:  - bDontReuseConnections = false  - Libcurl will reuse connections
LogInit:  - CertBundlePath = nullptr  - Libcurl will use whatever was configured at build time.
LogInit:  - MaxHostConnections = 16  - Libcurl will limit the number of connections to a host
LogInit:  - LocalHostAddr = Default
LogInit: WinSock: version 1.1 (2.2), MaxSocks=32767, MaxUdp=65467
LogInit: WinSock: I am TU46938 (152.105.21.59:0)
LogInit: Build: ++UE4+Release-4.19-CL-4033788
LogInit: Engine Version: 4.19.2-4033788+++UE4+Release-4.19
LogInit: Compatible Engine Version: 4.19.0-3944462+++UE4+Release-4.19
LogInit: Net CL: 3944462
LogDevObjectVersion: Number of dev versions registered: 18
LogDevObjectVersion:   Dev-Blueprints (B0D832E4-1F89-4F0D-ACCF-7EB736FD4AA2): 10
LogDevObjectVersion:   Dev-Build (E1C64328-A22C-4D53-A36C-8E866417BD8C): 0
LogDevObjectVersion:   Dev-Core (375EC13C-06E4-48FB-B500-84F0262A717E): 2
LogDevObjectVersion:   Dev-Editor (E4B068ED-F494-42E9-A231-DA0B2E46BB41): 23
LogDevObjectVersion:   Dev-Framework (CFFC743F-43B0-4480-9391-14DF171D2073): 33
LogDevObjectVersion:   Dev-Mobile (B02B49B5-BB20-44E9-A304-32B752E40360): 2
LogDevObjectVersion:   Dev-Networking (A4E4105C-59A1-49B5-A7C5-40C4547EDFEE): 0
LogDevObjectVersion:   Dev-Online (39C831C9-5AE6-47DC-9A44-9C173E1C8E7C): 0
LogDevObjectVersion:   Dev-Physics (78F01B33-EBEA-4F98-B9B4-84EACCB95AA2): 0
LogDevObjectVersion:   Dev-Platform (6631380F-2D4D-43E0-8009-CF276956A95A): 0
LogDevObjectVersion:   Dev-Rendering (12F88B9F-8875-4AFC-A67C-D90C383ABD29): 25
LogDevObjectVersion:   Dev-Sequencer (7B5AE74C-D270-4C10-A958-57980B212A5A): 6
LogDevObjectVersion:   Dev-VR (D7296918-1DD6-4BDD-9DE2-64A83CC13884): 1
LogDevObjectVersion:   Dev-LoadTimes (C2A15278-BFE7-4AFE-6C17-90FF531DF755): 1
LogDevObjectVersion:   Private-Geometry (6EACA3D4-40EC-4CC1-B786-8BED09428FC5): 2
LogDevObjectVersion:   Dev-AnimPhys (29E575DD-E0A3-4627-9D10-D276232CDCEA): 16
LogDevObjectVersion:   Dev-ReflectionCapture (6B266CEC-1EC7-4B8F-A30B-E4D90942FC07): 1
LogDevObjectVersion:   Dev-Automation (0DF73D61-A23F-47EA-B727-89E90C41499A): 1
LogInit: Compiled (64-bit): Apr 27 2018 02:06:57
LogInit: Compiled with Visual C++: 19.00.24215.01
LogInit: Build Configuration: Development
LogInit: Branch Name: ++UE4+Release-4.19
LogInit: Command Line: 
LogInit: Base Directory: C:/Program Files/Epic Games/UE_4.19/Engine/Binaries/Win64/
LogInit: Installed Engine Build: 1
LogStreaming: Display: Took  0.002s to delete old logs.
LogInit: Presizing for max 8388607 objects, including 0 objects not considered by GC, pre-allocating 0 bytes for permanent pool.
LogInit: Object subsystem initialized
[2019.10.01-15.26.55:691][  0]LogInit: Selected Device Profile: [Windows]
[2019.10.01-15.26.55:691][  0]LogInit: Applying CVar settings loaded from the selected device profile: [Windows]
[2019.10.01-15.26.55:770][  0]LogInit: Computer: TU46938
[2019.10.01-15.26.55:770][  0]LogInit: User: s6086643
[2019.10.01-15.26.55:770][  0]LogInit: CPU Page size=4096, Cores=4
[2019.10.01-15.26.55:770][  0]LogInit: High frequency timer resolution =10.000000 MHz
[2019.10.01-15.26.55:770][  0]LogMemory: Memory total: Physical=31.9GB (32GB approx)
[2019.10.01-15.26.55:770][  0]LogMemory: Platform Memory Stats for Windows
[2019.10.01-15.26.55:770][  0]LogMemory: Process Physical Memory: 273.96 MB used, 273.96 MB peak
[2019.10.01-15.26.55:770][  0]LogMemory: Process Virtual Memory: 268.45 MB used, 268.45 MB peak
[2019.10.01-15.26.55:770][  0]LogMemory: Physical Memory: 3847.01 MB used,  28837.34 MB free, 32684.35 MB total
[2019.10.01-15.26.55:771][  0]LogMemory: Virtual Memory: 4787.61 MB used,  28837.34 MB free, 134217728.00 MB total
[2019.10.01-15.26.56:278][  0]LogInit: Using OS detected language (en-GB).
[2019.10.01-15.26.56:278][  0]LogInit: Using OS detected locale (en-GB).
[2019.10.01-15.26.56:349][  0]LogTextLocalizationManager: No specific localization for 'en-GB' exists, so the 'en' localization will be used.
[2019.10.01-15.26.56:957][  0]LogStreaming: Display: Took  0.679s to EndInitTextLocalization.
[2019.10.01-15.26.56:958][  0]LogInit: Setting process to per monitor DPI aware
[2019.10.01-15.26.57:103][  0]LogSlate: New Slate User Created.  User Index 0, Is Virtual User: 0
[2019.10.01-15.26.57:104][  0]LogSlate: Slate User Registered.  User Index 0, Is Virtual User: 0
[2019.10.01-15.26.59:771][  0]LogD3D11RHI: D3D11 adapters:
[2019.10.01-15.26.59:869][  0]LogD3D11RHI:    0. 'NVIDIA GeForce GTX 1070' (Feature Level 11_0)
[2019.10.01-15.26.59:869][  0]LogD3D11RHI:       8088/0/16342 MB DedicatedVideo/DedicatedSystem/SharedSystem, Outputs:2, VendorId:0x10de
[2019.10.01-15.26.59:873][  0]LogD3D11RHI:    1. 'Microsoft Basic Render Driver' (Feature Level 11_0)
[2019.10.01-15.26.59:873][  0]LogD3D11RHI:       0/0/16342 MB DedicatedVideo/DedicatedSystem/SharedSystem, Outputs:0, VendorId:0x1414
[2019.10.01-15.26.59:873][  0]LogD3D11RHI: Chosen D3D11 Adapter: 0
[2019.10.01-15.26.59:879][  0]LogD3D11RHI: Creating new Direct3DDevice
[2019.10.01-15.26.59:879][  0]LogD3D11RHI:     GPU DeviceId: 0x1b81 (for the marketing name, search the web for "GPU Device Id")
[2019.10.01-15.26.59:879][  0]LogWindows: EnumDisplayDevices:
[2019.10.01-15.26.59:880][  0]LogWindows:    0. 'NVIDIA GeForce GTX 1070' (P:1 D:1)
[2019.10.01-15.26.59:881][  0]LogWindows:    1. 'NVIDIA GeForce GTX 1070' (P:0 D:1)
[2019.10.01-15.26.59:882][  0]LogWindows:    2. 'NVIDIA GeForce GTX 1070' (P:0 D:0)
[2019.10.01-15.26.59:882][  0]LogWindows:    3. 'NVIDIA GeForce GTX 1070' (P:0 D:0)
[2019.10.01-15.26.59:883][  0]LogWindows: DebugString: GetVideoDriverDetailsInvalid PrimaryIsNotTheChoosenAdapter GetVideoDriverDetailsInvalid PrimaryIsNotTheChoosenAdapter GetVideoDriverDetailsInvalid PrimaryIsNotTheChoosenAdapter GetVideoDriverDetailsInvalid PrimaryIsNotTheChoosenAdapter FoundDriverCount:0 
[2019.10.01-15.26.59:883][  0]LogD3D11RHI:     Adapter Name: NVIDIA GeForce GTX 1070
[2019.10.01-15.26.59:883][  0]LogD3D11RHI:   Driver Version: Unknown (internal:Unknown, unified:Unknown)
[2019.10.01-15.26.59:883][  0]LogD3D11RHI:      Driver Date: Unknown
[2019.10.01-15.26.59:883][  0]LogRHI: Texture pool is 5661 MB (70% of 8088 MB)
[2019.10.01-15.26.59:941][  0]LogD3D11RHI: [Aftermath] Aftermath enabled and primed
[2019.10.01-15.26.59:941][  0]LogD3D11RHI: [Aftermath] Aftermath enabled and primed
[2019.10.01-15.26.59:941][  0]LogD3D11RHI: Async texture creation enabled
[2019.10.01-15.26.59:955][  0]LogD3D11RHI: GPU Timing Frequency: 1000.000000 (Debug: 2 1)
[2019.10.01-15.27.00:058][  0]LogShaderCompilers: Guid format shader working directory is 0 characters bigger than the processId version (U:/year 3/Beta Arcade/BetaArcade/ThighHighWellies/Intermediate/Shaders/WorkingDirectory/6332/).
[2019.10.01-15.27.00:059][  0]LogShaderCompilers: Cleaned the shader compiler working directory 'C:/Users/s6086643/AppData/Local/Temp/UnrealShaderWorkingDir/249BACAD4823EE8D2367079BA8347DE8/'.
[2019.10.01-15.27.01:119][  0]LogTemp: Display: Loaded TP AllDesktopTargetPlatform
[2019.10.01-15.27.01:166][  0]LogTemp: Display: Loaded TP MacClientTargetPlatform
[2019.10.01-15.27.01:201][  0]LogTemp: Display: Loaded TP MacNoEditorTargetPlatform
[2019.10.01-15.27.01:238][  0]LogTemp: Display: Loaded TP MacServerTargetPlatform
[2019.10.01-15.27.01:280][  0]LogTemp: Display: Loaded TP MacTargetPlatform
[2019.10.01-15.27.01:317][  0]LogTemp: Display: Loaded TP WindowsClientTargetPlatform
[2019.10.01-15.27.01:354][  0]LogTemp: Display: Loaded TP WindowsNoEditorTargetPlatform
[2019.10.01-15.27.01:392][  0]LogTemp: Display: Loaded TP WindowsServerTargetPlatform
[2019.10.01-15.27.01:418][  0]LogTemp: Display: Loaded TP WindowsTargetPlatform
[2019.10.01-15.27.01:453][  0]LogTemp: Display: Loaded TP Android_ASTCTargetPlatform
[2019.10.01-15.27.01:485][  0]LogTemp: Display: Loaded TP Android_ATCTargetPlatform
[2019.10.01-15.27.01:518][  0]LogTemp: Display: Loaded TP Android_DXTTargetPlatform
[2019.10.01-15.27.01:551][  0]LogTemp: Display: Loaded TP Android_ETC1aTargetPlatform
[2019.10.01-15.27.01:585][  0]LogTemp: Display: Loaded TP Android_ETC1TargetPlatform
[2019.10.01-15.27.01:618][  0]LogTemp: Display: Loaded TP Android_ETC2TargetPlatform
[2019.10.01-15.27.01:685][  0]LogTemp: Display: Loaded TP Android_MultiTargetPlatform
[2019.10.01-15.27.01:685][  0]LogTemp: Display: Loaded TP Android_PVRTCTargetPlatform
[2019.10.01-15.27.01:723][  0]LogTemp: Display: Loaded TP AndroidTargetPlatform
[2019.10.01-15.27.01:741][  0]LogTemp: Display: Loaded TP HTML5TargetPlatform
[2019.10.01-15.27.01:874][  0]LogTemp: Display: Loaded TP IOSTargetPlatform
[2019.10.01-15.27.01:928][  0]LogTemp: Display: Loaded TP TVOSTargetPlatform
[2019.10.01-15.27.01:999][  0]LogTemp: Display: Loaded TP LinuxClientTargetPlatform
[2019.10.01-15.27.02:045][  0]LogTemp: Display: Loaded TP LinuxNoEditorTargetPlatform
[2019.10.01-15.27.02:087][  0]LogTemp: Display: Loaded TP LinuxServerTargetPlatform
[2019.10.01-15.27.02:134][  0]LogTemp: Display: Loaded TP LinuxTargetPlatform
[2019.10.01-15.27.02:135][  0]LogTargetPlatformManager: Display: Building Assets For Windows
[2019.10.01-15.27.03:407][  0]LogXGEController: Cannot use XGE Controller as Incredibuild is not installed on this machine.
[2019.10.01-15.27.03:407][  0]LogShaderCompilers: Cannot use XGE Shader Compiler as Incredibuild is not installed on this machine.
[2019.10.01-15.27.03:407][  0]LogShaderCompilers: Display: Using Local Shader Compiler.
[2019.10.01-15.27.05:924][  0]LogDerivedDataCache: Display: Max Cache Size: 512 MB
[2019.10.01-15.27.06:018][  0]LogDerivedDataCache: Loaded boot cache 0.09s 74MB C:/Users/s6086643/AppData/Local/UnrealEngine/4.19/DerivedDataCache/Boot.ddc.
[2019.10.01-15.27.06:019][  0]LogDerivedDataCache: Display: Loaded Boot cache: C:/Users/s6086643/AppData/Local/UnrealEngine/4.19/DerivedDataCache/Boot.ddc
[2019.10.01-15.27.06:019][  0]LogDerivedDataCache: FDerivedDataBackendGraph:  Pak pak cache file U:/year 3/Beta Arcade/BetaArcade/ThighHighWellies/DerivedDataCache/DDC.ddp not found, will not use a pak cache.
[2019.10.01-15.27.06:019][  0]LogDerivedDataCache: Unable to find inner node Pak for hierarchical cache Hierarchy.
[2019.10.01-15.27.06:020][  0]LogDerivedDataCache: FDerivedDataBackendGraph:  CompressedPak pak cache file U:/year 3/Beta Arcade/BetaArcade/ThighHighWellies/DerivedDataCache/Compressed.ddp not found, will not use a pak cache.
[2019.10.01-15.27.06:020][  0]LogDerivedDataCache: Unable to find inner node CompressedPak for hierarchical cache Hierarchy.
[2019.10.01-15.27.06:050][  0]LogDerivedDataCache: Display: Pak cache opened for reading ../../../Engine/DerivedDataCache/Compressed.ddp.
[2019.10.01-15.27.06:064][  0]LogDerivedDataCache: Using Local data cache path C:/Users/s6086643/AppData/Local/UnrealEngine/Common/DerivedDataCache: Writable
[2019.10.01-15.27.06:064][  0]LogDerivedDataCache: Shared data cache path not found in *engine.ini, will not use an Shared cache.
[2019.10.01-15.27.06:064][  0]LogDerivedDataCache: Unable to find inner node Shared for hierarchical cache Hierarchy.
[2019.10.01-15.27.06:087][  0]LogMaterial: Verifying Global Shaders for PCD3D_SM5
[2019.10.01-15.27.06:089][  0]LogSlate: Using Freetype 2.6.0
[2019.10.01-15.27.06:107][  0]LogSlate: SlateFontCache - WITH_FREETYPE: 1, WITH_HARFBUZZ: 1
[2019.10.01-15.27.06:108][  0]LogSlate: SlateFontCache - WITH_FREETYPE: 1, WITH_HARFBUZZ: 1
[2019.10.01-15.27.10:247][  0]LogAssetRegistry: FAssetRegistry took 0.0311 seconds to start up
[2019.10.01-15.27.10:675][  0]LogInit: Selected Device Profile: [Windows]
[2019.10.01-15.27.11:431][  0]LogSimplygon: Simplygon DLL not present - disabling.
[2019.10.01-15.27.11:456][  0]LogMeshReduction: Using SimplygonSwarm for distributed automatic mesh merging
[2019.10.01-15.27.11:457][  0]LogMeshReduction: Using QuadricMeshReduction for automatic static mesh reduction
[2019.10.01-15.27.11:457][  0]LogMeshReduction: No automatic skeletal mesh reduction module available
[2019.10.01-15.27.11:457][  0]LogMeshReduction: No automatic mesh merging module available
[2019.10.01-15.27.11:457][  0]LogMeshMerging: No automatic mesh merging module available
[2019.10.01-15.27.11:565][  0]LogNetVersion: ThighHighWellies , NetCL: 3944462, EngineNetVer: 2, GameNetVer: 0 (Checksum: 2882166743)
[2019.10.01-15.27.13:496][  0]LogPackageLocalizationCache: Processed 9 localized package path(s) for 2 prioritized culture(s) in 0.783989 seconds
[2019.10.01-15.27.13:503][  0]LogUObjectArray: 36728 objects as part of root set at end of initial load.
[2019.10.01-15.27.13:503][  0]LogUObjectAllocator: 7314304 out of 0 bytes used by permanent object pool.
[2019.10.01-15.27.13:503][  0]LogUObjectArray: CloseDisregardForGC: 0/0 objects in disregard for GC pool
[2019.10.01-15.27.21:023][  0]LogTcpMessaging: Initializing TcpMessaging bridge
[2019.10.01-15.27.21:099][  0]LogUdpMessaging: Initializing bridge on interface 0.0.0.0:0 to multicast group 230.0.0.1:6666.
[2019.10.01-15.27.21:099][  0]LogDirectoryWatcher: A directory notification failed for 'U:/year 3/Beta Arcade/BetaArcade/ThighHighWellies/Content/' because it was empty or there was a buffer overflow. Attemping another request...
[2019.10.01-15.27.22:329][  0]SourceControl: Source control is disabled
[2019.10.01-15.27.22:329][  0]SourceControl: Source control is disabled
[2019.10.01-15.27.22:410][  0]SourceControl: Source control is disabled
[2019.10.01-15.27.22:476][  0]SourceControl: Source control is disabled
[2019.10.01-15.27.24:499][  0]LogAndroidPermission: UAndroidPermissionCallbackProxy::GetInstance
[2019.10.01-15.27.25:085][  0]LogOcInput: OculusInput pre-init called
[2019.10.01-15.27.25:441][  0]LogEngine: Initializing Engine...
[2019.10.01-15.27.25:445][  0]LogHMD: Failed to initialize OpenVR with code 110
[2019.10.01-15.27.25:451][  0]LogStats: UGameplayTagsManager::ConstructGameplayTagTree: Construct from data asset -  0.000 s
[2019.10.01-15.27.25:451][  0]LogStats: UGameplayTagsManager::ConstructGameplayTagTree: GameplayTagTreeChangedEvent.Broadcast -  0.000 s
[2019.10.01-15.27.25:984][  0]LogAIModule: Creating AISystem for world Untitled
[2019.10.01-15.27.26:048][  0]LogInit: XAudio2 using 'Speakers (Realtek High Definition Audio)' : 2 channels at 48 kHz using 32 bits per sample (channel mask 0x3)
[2019.10.01-15.27.26:217][  0]LogInit: FAudioDevice initialized.
[2019.10.01-15.27.26:298][  0]LogDerivedDataCache: Saved boot cache 0.08s 74MB C:/Users/s6086643/AppData/Local/UnrealEngine/4.19/DerivedDataCache/Boot.ddc.
[2019.10.01-15.27.26:333][  0]LogInit: Texture streaming: Enabled
[2019.10.01-15.27.26:443][  0]LogEngineSessionManager: EngineSessionManager initialized
[2019.10.01-15.27.30:489][  0]LogInit: Transaction tracking system initialized
[2019.10.01-15.27.30:654][  0]BlueprintLog: New page: Editor Load
[2019.10.01-15.27.31:196][  0]LocalizationService: Localization service is disabled
[2019.10.01-15.27.31:764][  0]LogConsoleResponse: Display: 
[2019.10.01-15.27.32:391][  0]LogCook: Display: Max memory allowance for cook 16384mb min free memory 0mb
[2019.10.01-15.27.32:391][  0]LogCook: Display: Mobile HDR setting 1
[2019.10.01-15.27.32:391][  0]LogGameplayTags: Display: UGameplayTagsManager::DoneAddingNativeTags. DelegateIsBound: 0
[2019.10.01-15.27.32:391][  0]LogStats: UGameplayTagsManager::ConstructGameplayTagTree: Construct from data asset -  0.000 s
[2019.10.01-15.27.32:391][  0]LogStats: UGameplayTagsManager::ConstructGameplayTagTree: GameplayTagTreeChangedEvent.Broadcast -  0.000 s
[2019.10.01-15.27.32:709][  0]LogFileCache: Scanning file cache for directory 'U:/year 3/Beta Arcade/BetaArcade/ThighHighWellies/Content/' took 0.14s
[2019.10.01-15.27.34:057][  0]SourceControl: Source control is disabled
[2019.10.01-15.27.34:057][  0]Cmd: MAP LOAD FILE="U:/year 3/Beta Arcade/BetaArcade/ThighHighWellies/Content/ThirdPersonBP/Maps/ThirdPersonExampleMap.umap" TEMPLATE=0 SHOWPROGRESS=1 FEATURELEVEL=3
[2019.10.01-15.27.34:071][  0]LightingResults: New page: Lighting Build
[2019.10.01-15.27.34:077][  0]MapCheck: New page: Map Check
[2019.10.01-15.27.34:077][  0]LightingResults: New page: Lighting Build
[2019.10.01-15.27.34:827][  0]LogUObjectGlobals: Created PersistentFrame Addr=0x000002132a4dcb80, Size=64, Default__ThirdPerson_AnimBP_C Function /Game/Mannequin/Animations/ThirdPerson_AnimBP.ThirdPerson_AnimBP_C:ExecuteUbergraph_ThirdPerson_AnimBP
[2019.10.01-15.27.34:838][  0]LogUObjectGlobals: Destroyed PersistentFrame Addr=0x000002132a4dcb80, Size=64
[2019.10.01-15.27.34:838][  0]LogUObjectGlobals: Created PersistentFrame Addr=0x000002132a13b440, Size=64, Default__ThirdPerson_AnimBP_C Function /Engine/Transient.REINST_ThirdPerson_AnimBP_C_0:ExecuteUbergraph_ThirdPerson_AnimBP
[2019.10.01-15.27.34:847][  0]LogUObjectGlobals: Created PersistentFrame Addr=0x000002132a0d5c60, Size=72, Default__ThirdPerson_AnimBP_C Function /Game/Mannequin/Animations/ThirdPerson_AnimBP.ThirdPerson_AnimBP_C:ExecuteUbergraph_ThirdPerson_AnimBP
[2019.10.01-15.27.35:400][  0]LogUObjectGlobals: Created PersistentFrame Addr=0x000002132a06a340, Size=296, Default__ThirdPersonCharacter_C Function /Game/ThirdPersonBP/Blueprints/ThirdPersonCharacter.ThirdPersonCharacter_C:ExecuteUbergraph_ThirdPersonCharacter
[2019.10.01-15.27.35:408][  0]LogUObjectGlobals: Destroyed PersistentFrame Addr=0x000002132a06a340, Size=296
[2019.10.01-15.27.35:408][  0]LogUObjectGlobals: Created PersistentFrame Addr=0x000002132a06a340, Size=296, Default__ThirdPersonCharacter_C Function /Engine/Transient.REINST_ThirdPersonCharacter_C_8:ExecuteUbergraph_ThirdPersonCharacter
[2019.10.01-15.27.35:414][  0]LogUObjectGlobals: Created PersistentFrame Addr=0x000002132a068b80, Size=296, Default__ThirdPersonCharacter_C Function /Game/ThirdPersonBP/Blueprints/ThirdPersonCharacter.ThirdPersonCharacter_C:ExecuteUbergraph_ThirdPersonCharacter
[2019.10.01-15.27.35:431][  0]LogUObjectGlobals: Created PersistentFrame Addr=0x0000021329cf6500, Size=256, Default__ThirdPersonGameMode_C Function /Game/ThirdPersonBP/Blueprints/ThirdPersonGameMode.ThirdPersonGameMode_C:ExecuteUbergraph_ThirdPersonGameMode
[2019.10.01-15.27.35:441][  0]LogUObjectGlobals: Destroyed PersistentFrame Addr=0x0000021329cf6500, Size=256
[2019.10.01-15.27.35:441][  0]LogUObjectGlobals: Created PersistentFrame Addr=0x0000021329cf6500, Size=256, Default__ThirdPersonGameMode_C Function /Engine/Transient.REINST_ThirdPersonGameMode_C_11:ExecuteUbergraph_ThirdPersonGameMode
[2019.10.01-15.27.35:446][  0]LogUObjectGlobals: Created PersistentFrame Addr=0x0000021329cdca30, Size=112, Default__ThirdPersonController_C Function /Game/ThirdPersonBP/Blueprints/ThirdPersonController.ThirdPersonController_C:ExecuteUbergraph_ThirdPersonController
[2019.10.01-15.27.35:448][  0]LogUObjectGlobals: Created PersistentFrame Addr=0x0000021329c9f9c0, Size=272, Default__ThirdPersonGameMode_C Function /Game/ThirdPersonBP/Blueprints/ThirdPersonGameMode.ThirdPersonGameMode_C:ExecuteUbergraph_ThirdPersonGameMode
[2019.10.01-15.27.35:751][  0]LogUObjectGlobals: Created PersistentFrame Addr=0x000002132a0a6610, Size=40, Default__ThirdPersonExampleMap_C Function /Game/ThirdPersonBP/Maps/ThirdPersonExampleMap.ThirdPersonExampleMap_C:ExecuteUbergraph_ThirdPersonExampleMap
[2019.10.01-15.27.35:753][  0]LogUObjectGlobals: Destroyed PersistentFrame Addr=0x000002132a0a6610, Size=40
[2019.10.01-15.27.35:753][  0]LogUObjectGlobals: Created PersistentFrame Addr=0x000002132a0a6610, Size=40, Default__ThirdPersonExampleMap_C Function /Engine/Transient.REINST_ThirdPersonExampleMap_C_14:ExecuteUbergraph_ThirdPersonExampleMap
[2019.10.01-15.27.35:754][  0]LogUObjectGlobals: Created PersistentFrame Addr=0x000002132a0a65c0, Size=40, Default__ThirdPersonExampleMap_C Function /Game/ThirdPersonBP/Maps/ThirdPersonExampleMap.ThirdPersonExampleMap_C:ExecuteUbergraph_ThirdPersonExampleMap
[2019.10.01-15.27.35:955][  0]LogSkeletalMesh: Skeletal Mesh found in DDC [19.182899ms] /Game/Mannequin/Character/Mesh/SK_Mannequin.SK_Mannequin
[2019.10.01-15.27.36:292][  0]LogAIModule: Creating AISystem for world ThirdPersonExampleMap
[2019.10.01-15.27.36:310][  0]LogEditorServer: Finished looking for orphan Actors (0.000 secs)
[2019.10.01-15.27.36:323][  0]LogUObjectGlobals: Destroyed PersistentFrame Addr=0x000002132a13b440, Size=64
[2019.10.01-15.27.36:323][  0]LogUObjectGlobals: Destroyed PersistentFrame Addr=0x000002132a06a340, Size=296
[2019.10.01-15.27.36:323][  0]LogUObjectGlobals: Destroyed PersistentFrame Addr=0x0000021329cf6500, Size=256
[2019.10.01-15.27.36:323][  0]LogUObjectGlobals: Destroyed PersistentFrame Addr=0x000002132a0a6610, Size=40
[2019.10.01-15.27.36:324][  0]Cmd: MAP CHECKDEP NOCLEARLOG
[2019.10.01-15.27.36:408][  0]MapCheck: Map check complete: 0 Error(s), 0 Warning(s), took 83.673ms to complete.
[2019.10.01-15.27.36:408][  0]LogFileHelpers: Loading map 'ThirdPersonExampleMap' took 2.351
[2019.10.01-15.27.36:651][  0]LogCollectionManager: Loaded 0 collections in 0.009515 seconds
[2019.10.01-15.27.36:716][  0]LogFileCache: Scanning file cache for directory 'U:/year 3/Beta Arcade/BetaArcade/ThighHighWellies/Saved/Collections/' took 0.01s
[2019.10.01-15.27.36:716][  0]LogFileCache: Scanning file cache for directory 'U:/year 3/Beta Arcade/BetaArcade/ThighHighWellies/Content/Developers/s6086643/Collections/' took 0.01s
[2019.10.01-15.27.36:716][  0]LogFileCache: Scanning file cache for directory 'U:/year 3/Beta Arcade/BetaArcade/ThighHighWellies/Content/Collections/' took 0.01s
[2019.10.01-15.27.36:716][  0]LogCollectionManager: Rebuilt the GUID cache for 0 collections in 0.000000 seconds
[2019.10.01-15.27.36:728][  0]LogContentBrowser: Native class hierarchy populated in 0.0108 seconds. Added 2452 classes and 558 folders.
[2019.10.01-15.27.36:744][  0]LogContentBrowser: Native class hierarchy updated for 'WidgetCarousel' in 0.0004 seconds. Added 0 classes and 0 folders.
[2019.10.01-15.27.37:205][  0]LogContentBrowser: Native class hierarchy updated for 'AddContentDialog' in 0.0003 seconds. Added 0 classes and 0 folders.
[2019.10.01-15.27.37:237][  0]LogContentBrowser: Native class hierarchy updated for 'SceneOutliner' in 0.0003 seconds. Added 1 classes and 2 folders.
[2019.10.01-15.27.37:340][  0]LogContentBrowser: Native class hierarchy updated for 'HierarchicalLODOutliner' in 0.0003 seconds. Added 0 classes and 0 folders.
[2019.10.01-15.27.37:340][  0]LogLoad: (Engine Initialization) Total time: 52.18 seconds
[2019.10.01-15.27.37:340][  0]LogLoad: (Engine Initialization) Total Blueprint compile time: 0.00 seconds
[2019.10.01-15.27.37:351][  0]LogSlate: New Slate User Created.  User Index 1, Is Virtual User: 0
[2019.10.01-15.27.37:351][  0]LogSlate: Slate User Registered.  User Index 1, Is Virtual User: 0
[2019.10.01-15.27.37:351][  0]LogSlate: New Slate User Created.  User Index 2, Is Virtual User: 0
[2019.10.01-15.27.37:351][  0]LogSlate: Slate User Registered.  User Index 2, Is Virtual User: 0
[2019.10.01-15.27.37:367][  0]LogDirectoryWatcher: A directory notification failed for 'U:/year 3/Beta Arcade/BetaArcade/ThighHighWellies/Content/' because it was empty or there was a buffer overflow. Attemping another request...
[2019.10.01-15.27.37:369][  0]LogDirectoryWatcher: A directory notification failed for 'U:/year 3/Beta Arcade/BetaArcade/ThighHighWellies/Content/', and we were unable to create a new request.
[2019.10.01-15.27.37:369][  0]LogDirectoryWatcher: A directory notification failed for 'U:/year 3/Beta Arcade/BetaArcade/ThighHighWellies/Saved/Collections/' because it was empty or there was a buffer overflow. Attemping another request...
[2019.10.01-15.27.37:369][  0]LogDirectoryWatcher: A directory notification failed for 'U:/year 3/Beta Arcade/BetaArcade/ThighHighWellies/Content/Developers/s6086643/Collections/' because it was empty or there was a buffer overflow. Attemping another request...
[2019.10.01-15.27.37:369][  0]LogDirectoryWatcher: A directory notification failed for 'U:/year 3/Beta Arcade/BetaArcade/ThighHighWellies/Content/Collections/' because it was empty or there was a buffer overflow. Attemping another request...
[2019.10.01-15.27.37:369][  0]LogContentStreaming: Texture pool size now 1000 MB
[2019.10.01-15.27.37:378][  0]LogSlate: Took 0.006693 seconds to synchronously load lazily loaded font '../../../Engine/Content/Slate/Fonts/Roboto-Regular.ttf' (155K)
[2019.10.01-15.27.37:387][  0]LogSlate: Took 0.007470 seconds to synchronously load lazily loaded font '../../../Engine/Content/Slate/Fonts/Roboto-Bold.ttf' (160K)
[2019.10.01-15.27.37:399][  0]LogSlate: Took 0.007161 seconds to synchronously load lazily loaded font '../../../Engine/Content/Editor/Slate/Fonts/FontAwesome.ttf' (139K)
[2019.10.01-15.27.37:568][  0]LogSlate: Took 0.006861 seconds to synchronously load lazily loaded font '../../../Engine/Content/Slate/Fonts/Roboto-Light.ttf' (167K)
[2019.10.01-15.27.37:608][  0]LogRenderer: Reallocating scene render targets to support 804x360 Format 10 NumSamples 1 (Frame:1).
[2019.10.01-15.27.37:698][  1]LogAssetRegistry: Asset discovery search completed in 27.4733 seconds
[2019.10.01-15.27.37:700][  1]LogCollectionManager: Rebuilt the object cache for 0 collections in 0.000000 seconds (found 0 objects)
[2019.10.01-15.27.37:700][  1]LogCollectionManager: Fixed up redirectors for 0 collections in 0.000054 seconds (updated 0 objects)
[2019.10.01-15.27.37:700][  1]LogDirectoryWatcher: A directory notification failed for 'U:/year 3/Beta Arcade/BetaArcade/ThighHighWellies/Saved/Collections/' because it was empty or there was a buffer overflow. Attemping another request...
[2019.10.01-15.27.37:701][  1]LogDirectoryWatcher: A directory notification failed for 'U:/year 3/Beta Arcade/BetaArcade/ThighHighWellies/Saved/Collections/', and we were unable to create a new request.
[2019.10.01-15.27.37:701][  1]LogDirectoryWatcher: A directory notification failed for 'U:/year 3/Beta Arcade/BetaArcade/ThighHighWellies/Content/Developers/s6086643/Collections/' because it was empty or there was a buffer overflow. Attemping another request...
[2019.10.01-15.27.37:701][  1]LogDirectoryWatcher: A directory notification failed for 'U:/year 3/Beta Arcade/BetaArcade/ThighHighWellies/Content/Developers/s6086643/Collections/', and we were unable to create a new request.
[2019.10.01-15.27.37:701][  1]LogDirectoryWatcher: A directory notification failed for 'U:/year 3/Beta Arcade/BetaArcade/ThighHighWellies/Content/Collections/' because it was empty or there was a buffer overflow. Attemping another request...
[2019.10.01-15.27.37:702][  1]LogDirectoryWatcher: A directory notification failed for 'U:/year 3/Beta Arcade/BetaArcade/ThighHighWellies/Content/Collections/', and we were unable to create a new request.
[2019.10.01-15.28.07:137][638]LogSlate: FSceneViewport::OnFocusLost() reason 0
[2019.10.01-15.28.08:773][782]LogRenderer: Reallocating scene render targets to support 1208x652 Format 10 NumSamples 1 (Frame:1695).
[2019.10.01-15.28.09:714][890]LogTemp: Repeating last play command: Selected Viewport
[2019.10.01-15.28.09:732][890]LogBlueprintUserMessages: Early PlayInEditor Detection: Level '/Game/ThirdPersonBP/Maps/ThirdPersonExampleMap.ThirdPersonExampleMap:PersistentLevel' has LevelScriptBlueprint '/Game/ThirdPersonBP/Maps/ThirdPersonExampleMap.ThirdPersonExampleMap:PersistentLevel.ThirdPersonExampleMap' with GeneratedClass '/Game/ThirdPersonBP/Maps/ThirdPersonExampleMap.ThirdPersonExampleMap_C' with ClassGeneratedBy '/Game/ThirdPersonBP/Maps/ThirdPersonExampleMap.ThirdPersonExampleMap:PersistentLevel.ThirdPersonExampleMap'
[2019.10.01-15.28.09:733][890]LogPlayLevel: PlayLevel: No blueprints needed recompiling
[2019.10.01-15.28.09:735][890]PIE: New page: PIE session: ThirdPersonExampleMap (1 Oct 2019 17:28:09)
[2019.10.01-15.28.09:735][890]LogPlayLevel: Creating play world package: /Game/ThirdPersonBP/Maps/UEDPIE_0_ThirdPersonExampleMap
[2019.10.01-15.28.09:764][890]LogPlayLevel: PIE: StaticDuplicateObject took: (0.028288s)
[2019.10.01-15.28.09:764][890]LogAIModule: Creating AISystem for world ThirdPersonExampleMap
[2019.10.01-15.28.09:765][890]LogPlayLevel: PIE: World Init took: (0.000741s)
[2019.10.01-15.28.09:765][890]LogPlayLevel: PIE: Created PIE world by copying editor world from /Game/ThirdPersonBP/Maps/ThirdPersonExampleMap.ThirdPersonExampleMap to /Game/ThirdPersonBP/Maps/UEDPIE_0_ThirdPersonExampleMap.ThirdPersonExampleMap (0.029216s)
[2019.10.01-15.28.09:820][890]LogInit: XAudio2 using 'Speakers (Realtek High Definition Audio)' : 2 channels at 48 kHz using 32 bits per sample (channel mask 0x3)
[2019.10.01-15.28.09:879][890]LogInit: FAudioDevice initialized.
[2019.10.01-15.28.09:926][890]LogLoad: Game class is 'ThirdPersonGameMode_C'
[2019.10.01-15.28.09:929][890]LogWorld: Bringing World /Game/ThirdPersonBP/Maps/UEDPIE_0_ThirdPersonExampleMap.ThirdPersonExampleMap up for play (max tick rate 0) at 2019.10.01-16.28.09
[2019.10.01-15.28.09:929][890]LogWorld: Bringing up level for play took: 0.001343
[2019.10.01-15.28.09:937][890]LogContentBrowser: Native class hierarchy updated for 'MovieSceneCapture' in 0.0009 seconds. Added 11 classes and 0 folders.
[2019.10.01-15.28.09:941][890]LogSlate: New Slate User Created.  User Index 3, Is Virtual User: 0
[2019.10.01-15.28.09:941][890]LogSlate: Slate User Registered.  User Index 3, Is Virtual User: 0
[2019.10.01-15.28.09:942][890]LogPlayerManagement: Error: Failed to Create Player: Maximum number of players (4) already created.  Unable to create more.
[2019.10.01-15.28.09:942][890]PIE: Play in editor start time for /Game/ThirdPersonBP/Maps/UEDPIE_0_ThirdPersonExampleMap -0.689
[2019.10.01-15.28.09:943][890]LogBlueprintUserMessages: Late PlayInEditor Detection: Level '/Game/ThirdPersonBP/Maps/ThirdPersonExampleMap.ThirdPersonExampleMap:PersistentLevel' has LevelScriptBlueprint '/Game/ThirdPersonBP/Maps/ThirdPersonExampleMap.ThirdPersonExampleMap:PersistentLevel.ThirdPersonExampleMap' with GeneratedClass '/Game/ThirdPersonBP/Maps/ThirdPersonExampleMap.ThirdPersonExampleMap_C' with ClassGeneratedBy '/Game/ThirdPersonBP/Maps/ThirdPersonExampleMap.ThirdPersonExampleMap:PersistentLevel.ThirdPersonExampleMap'
[2019.10.01-15.28.26:457][863]LogBlueprintUserMessages: Early EndPlayMap Detection: Level '/Game/ThirdPersonBP/Maps/ThirdPersonExampleMap.ThirdPersonExampleMap:PersistentLevel' has LevelScriptBlueprint '/Game/ThirdPersonBP/Maps/ThirdPersonExampleMap.ThirdPersonExampleMap:PersistentLevel.ThirdPersonExampleMap' with GeneratedClass '/Game/ThirdPersonBP/Maps/ThirdPersonExampleMap.ThirdPersonExampleMap_C' with ClassGeneratedBy '/Game/ThirdPersonBP/Maps/ThirdPersonExampleMap.ThirdPersonExampleMap:PersistentLevel.ThirdPersonExampleMap'
[2019.10.01-15.28.26:491][863]LogBlueprintUserMessages: Late EndPlayMap Detection: Level '/Game/ThirdPersonBP/Maps/ThirdPersonExampleMap.ThirdPersonExampleMap:PersistentLevel' has LevelScriptBlueprint '/Game/ThirdPersonBP/Maps/ThirdPersonExampleMap.ThirdPersonExampleMap:PersistentLevel.ThirdPersonExampleMap' with GeneratedClass '/Game/ThirdPersonBP/Maps/ThirdPersonExampleMap.ThirdPersonExampleMap_C' with ClassGeneratedBy '/Game/ThirdPersonBP/Maps/ThirdPersonExampleMap.ThirdPersonExampleMap:PersistentLevel.ThirdPersonExampleMap'
[2019.10.01-15.28.30:935][386]LogSlate: FSceneViewport::OnFocusLost() reason 0
[2019.10.01-15.28.31:050][398]LogSlate: Took 0.006556 seconds to synchronously load lazily loaded font '../../../Engine/Content/Slate/Fonts/Roboto-Light.ttf' (167K)
[2019.10.01-15.28.31:430][398]LogContentBrowser: Native class hierarchy updated for 'BlueprintGraph' in 0.0013 seconds. Added 116 classes and 0 folders.
[2019.10.01-15.28.31:771][398]LogUObjectGlobals: Created PersistentFrame Addr=0x0000021352461578, Size=4, Default__SKEL_PROTO_BP_AnimBlueprint_0_C Function /Engine/Transient.SKEL_PROTO_BP_AnimBlueprint_0_C:ExecuteUbergraph_PROTO_BP_AnimBlueprint_0
[2019.10.01-15.28.31:772][398]LogUObjectGlobals: Created PersistentFrame Addr=0x0000021352461570, Size=4, Default__PROTO_BP_AnimBlueprint_0_C Function /Engine/Transient.PROTO_BP_AnimBlueprint_0_C:ExecuteUbergraph_PROTO_BP_AnimBlueprint_0
[2019.10.01-15.28.32:337][398]LogSlate: Took 0.006921 seconds to synchronously load lazily loaded font '../../../Engine/Content/Slate/Fonts/Roboto-BoldCondensed.ttf' (158K)
[2019.10.01-15.28.38:900][810]LogSlate: Took 0.006586 seconds to synchronously load lazily loaded font '../../../Engine/Content/Slate/Fonts/Roboto-Italic.ttf' (157K)
[2019.10.01-15.29.10:788][550]LogUObjectGlobals: Destroyed PersistentFrame Addr=0x000002132a0a65c0, Size=40
[2019.10.01-15.29.10:788][550]LogUObjectGlobals: Created PersistentFrame Addr=0x000002138e56f2b8, Size=40, Default__ThirdPersonExampleMap_C Function /Engine/Transient.REINST_ThirdPersonExampleMap_C_30:ExecuteUbergraph_ThirdPersonExampleMap
[2019.10.01-15.29.10:790][550]LogUObjectGlobals: Created PersistentFrame Addr=0x000002138e56d378, Size=40, Default__ThirdPersonExampleMap_C Function /Game/ThirdPersonBP/Maps/ThirdPersonExampleMap.ThirdPersonExampleMap_C:ExecuteUbergraph_ThirdPersonExampleMap
[2019.10.01-15.29.11:570][550]LogSavePackage: Save=786.88ms
[2019.10.01-15.29.11:570][550]LogSavePackage: Moving 'U:/year 3/Beta Arcade/BetaArcade/ThighHighWellies/Saved/ThirdPersonExampleMapFE9832F54C4F51FB8A64C9B0AFB0589F.tmp' to 'U:/year 3/Beta Arcade/BetaArcade/ThighHighWellies/Content/ThirdPersonBP/Maps/ThirdPersonExampleMap.umap'
[2019.10.01-15.29.11:659][550]LogSavePackage: Display: Finished SavePackage U:/year 3/Beta Arcade/BetaArcade/ThighHighWellies/Content/ThirdPersonBP/Maps/ThirdPersonExampleMap.umap
[2019.10.01-15.29.11:697][550]LogFileHelpers: Saving map 'ThirdPersonExampleMap' took 1.293
[2019.10.01-15.31.02:378][404]LogSlate: Window 'ThirdPersonExampleMap - Level Blueprint Editor' being destroyed
[2019.10.01-15.31.02:383][404]LogSlate: Window 'ThirdPersonExampleMap - Level Blueprint Editor' being destroyed
[2019.10.01-15.31.02:458][404]LogActorComponent: UnregisterComponent: (/Engine/Transient.EditorFloorComp) Not registered. Aborting.
[2019.10.01-15.31.03:192][477]LogTemp: Repeating last play command: Selected Viewport
[2019.10.01-15.31.03:210][477]LogBlueprintUserMessages: Early PlayInEditor Detection: Level '/Game/ThirdPersonBP/Maps/ThirdPersonExampleMap.ThirdPersonExampleMap:PersistentLevel' has LevelScriptBlueprint '/Game/ThirdPersonBP/Maps/ThirdPersonExampleMap.ThirdPersonExampleMap:PersistentLevel.ThirdPersonExampleMap' with GeneratedClass '/Game/ThirdPersonBP/Maps/ThirdPersonExampleMap.ThirdPersonExampleMap_C' with ClassGeneratedBy '/Game/ThirdPersonBP/Maps/ThirdPersonExampleMap.ThirdPersonExampleMap:PersistentLevel.ThirdPersonExampleMap'
[2019.10.01-15.31.03:211][477]LogPlayLevel: PlayLevel: No blueprints needed recompiling
[2019.10.01-15.31.03:211][477]PIE: New page: PIE session: ThirdPersonExampleMap (1 Oct 2019 17:31:03)
[2019.10.01-15.31.03:211][477]LogPlayLevel: Creating play world package: /Game/ThirdPersonBP/Maps/UEDPIE_0_ThirdPersonExampleMap
[2019.10.01-15.31.03:227][477]LogPlayLevel: PIE: StaticDuplicateObject took: (0.016843s)
[2019.10.01-15.31.03:228][477]LogAIModule: Creating AISystem for world ThirdPersonExampleMap
[2019.10.01-15.31.03:228][477]LogPlayLevel: PIE: World Init took: (0.000791s)
[2019.10.01-15.31.03:228][477]LogPlayLevel: PIE: Created PIE world by copying editor world from /Game/ThirdPersonBP/Maps/ThirdPersonExampleMap.ThirdPersonExampleMap to /Game/ThirdPersonBP/Maps/UEDPIE_0_ThirdPersonExampleMap.ThirdPersonExampleMap (0.017807s)
[2019.10.01-15.31.03:251][477]LogUObjectGlobals: Destroyed PersistentFrame Addr=0x000002138e56f2b8, Size=40
[2019.10.01-15.31.03:293][477]LogInit: XAudio2 using 'Speakers (Realtek High Definition Audio)' : 2 channels at 48 kHz using 32 bits per sample (channel mask 0x3)
[2019.10.01-15.31.03:347][477]LogInit: FAudioDevice initialized.
[2019.10.01-15.31.03:381][477]LogLoad: Game class is 'ThirdPersonGameMode_C'
[2019.10.01-15.31.03:383][477]LogWorld: Bringing World /Game/ThirdPersonBP/Maps/UEDPIE_0_ThirdPersonExampleMap.ThirdPersonExampleMap up for play (max tick rate 0) at 2019.10.01-16.31.03
[2019.10.01-15.31.03:383][477]LogWorld: Bringing up level for play took: 0.001083
[2019.10.01-15.31.03:387][477]LogPlayerManagement: Error: Failed to Create Player: Maximum number of players (4) already created.  Unable to create more.
[2019.10.01-15.31.03:387][477]PIE: Play in editor start time for /Game/ThirdPersonBP/Maps/UEDPIE_0_ThirdPersonExampleMap 0.757
[2019.10.01-15.31.03:388][477]LogBlueprintUserMessages: Late PlayInEditor Detection: Level '/Game/ThirdPersonBP/Maps/ThirdPersonExampleMap.ThirdPersonExampleMap:PersistentLevel' has LevelScriptBlueprint '/Game/ThirdPersonBP/Maps/ThirdPersonExampleMap.ThirdPersonExampleMap:PersistentLevel.ThirdPersonExampleMap' with GeneratedClass '/Game/ThirdPersonBP/Maps/ThirdPersonExampleMap.ThirdPersonExampleMap_C' with ClassGeneratedBy '/Game/ThirdPersonBP/Maps/ThirdPersonExampleMap.ThirdPersonExampleMap:PersistentLevel.ThirdPersonExampleMap'
[2019.10.01-15.31.09:771][238]LogBlueprintUserMessages: Early EndPlayMap Detection: Level '/Game/ThirdPersonBP/Maps/ThirdPersonExampleMap.ThirdPersonExampleMap:PersistentLevel' has LevelScriptBlueprint '/Game/ThirdPersonBP/Maps/ThirdPersonExampleMap.ThirdPersonExampleMap:PersistentLevel.ThirdPersonExampleMap' with GeneratedClass '/Game/ThirdPersonBP/Maps/ThirdPersonExampleMap.ThirdPersonExampleMap_C' with ClassGeneratedBy '/Game/ThirdPersonBP/Maps/ThirdPersonExampleMap.ThirdPersonExampleMap:PersistentLevel.ThirdPersonExampleMap'
[2019.10.01-15.31.09:805][238]LogBlueprintUserMessages: Late EndPlayMap Detection: Level '/Game/ThirdPersonBP/Maps/ThirdPersonExampleMap.ThirdPersonExampleMap:PersistentLevel' has LevelScriptBlueprint '/Game/ThirdPersonBP/Maps/ThirdPersonExampleMap.ThirdPersonExampleMap:PersistentLevel.ThirdPersonExampleMap' with GeneratedClass '/Game/ThirdPersonBP/Maps/ThirdPersonExampleMap.ThirdPersonExampleMap_C' with ClassGeneratedBy '/Game/ThirdPersonBP/Maps/ThirdPersonExampleMap.ThirdPersonExampleMap:PersistentLevel.ThirdPersonExampleMap'
[2019.10.01-15.31.10:606][329]LogSlate: FSceneViewport::OnFocusLost() reason 0
[2019.10.01-15.31.13:975][696]LogSlate: Window 'ThighHighWellies - Unreal Editor' being destroyed
[2019.10.01-15.31.13:976][696]LogWindowsTextInputMethodSystem: Display: IME system now deactivated.
[2019.10.01-15.31.14:206][697]Cmd: QUIT_EDITOR
[2019.10.01-15.31.14:366][697]LogSlate: Slate User Destroyed.  User Index 0, Is Virtual User: 0
[2019.10.01-15.31.14:366][697]LogSlate: Slate User Destroyed.  User Index 1, Is Virtual User: 0
[2019.10.01-15.31.14:367][697]LogSlate: Slate User Destroyed.  User Index 2, Is Virtual User: 0
[2019.10.01-15.31.14:367][697]LogSlate: Slate User Destroyed.  User Index 3, Is Virtual User: 0
[2019.10.01-15.31.14:368][697]LogExit: Preparing to exit.
[2019.10.01-15.31.15:333][697]LogExit: Editor shut down
[2019.10.01-15.31.15:340][697]LogExit: Transaction tracking system shut down
[2019.10.01-15.31.15:341][697]LogUObjectGlobals: Destroyed PersistentFrame Addr=0x000002132a0d5c60, Size=72
[2019.10.01-15.31.15:341][697]LogUObjectGlobals: Destroyed PersistentFrame Addr=0x000002132a068b80, Size=296
[2019.10.01-15.31.15:341][697]LogUObjectGlobals: Destroyed PersistentFrame Addr=0x0000021329cdca30, Size=112
[2019.10.01-15.31.15:341][697]LogUObjectGlobals: Destroyed PersistentFrame Addr=0x0000021329c9f9c0, Size=272
[2019.10.01-15.31.15:342][697]LogUObjectGlobals: Destroyed PersistentFrame Addr=0x000002138e56d378, Size=40
[2019.10.01-15.31.15:343][697]LogUObjectGlobals: Destroyed PersistentFrame Addr=0x0000021352461578, Size=4
[2019.10.01-15.31.15:343][697]LogUObjectGlobals: Destroyed PersistentFrame Addr=0x0000021352461570, Size=4
[2019.10.01-15.31.15:821][697]LogDirectoryWatcher: A directory notification for '../../../Engine/Content/' was aborted.
[2019.10.01-15.31.15:822][697]LogDirectoryWatcher: A directory notification for '../../Plugins/2D/Paper2D/Content/' was aborted.
[2019.10.01-15.31.15:822][697]LogDirectoryWatcher: A directory notification for '../../Plugins/Enterprise/DatasmithContent/Content/' was aborted.
[2019.10.01-15.31.15:822][697]LogDirectoryWatcher: A directory notification for '../../Plugins/Media/MediaCompositing/Content/' was aborted.
[2019.10.01-15.31.15:822][697]LogDirectoryWatcher: A directory notification for '../../Plugins/Runtime/AppleARKit/Content/' was aborted.
[2019.10.01-15.31.15:822][697]LogDirectoryWatcher: A directory notification for '../../Plugins/Runtime/Oculus/OculusVR/Content/' was aborted.
[2019.10.01-15.31.15:822][697]LogDirectoryWatcher: A directory notification for '../../Plugins/Runtime/Steam/SteamVR/Content/' was aborted.
[2019.10.01-15.31.15:961][697]LogExit: Object subsystem successfully closed.
[2019.10.01-15.31.15:980][697]LogShaderCompilers: Display: Shaders left to compile 0
[2019.10.01-15.31.15:985][697]LogD3D11RHI: Shutdown
[2019.10.01-15.31.15:985][697]LogD3D11RHI: CleanupD3DDevice
[2019.10.01-15.31.15:988][697]LogD3D11RHI: ~FD3D11DynamicRHI
[2019.10.01-15.31.16:017][697]LogModuleManager: Shutting down and abandoning module BlueprintGraph (578)
[2019.10.01-15.31.16:017][697]LogModuleManager: Shutting down and abandoning module MovieSceneCapture (576)
[2019.10.01-15.31.16:017][697]LogModuleManager: Shutting down and abandoning module HierarchicalLODOutliner (574)
[2019.10.01-15.31.16:017][697]LogModuleManager: Shutting down and abandoning module SceneOutliner (572)
[2019.10.01-15.31.16:017][697]LogModuleManager: Shutting down and abandoning module AddContentDialog (570)
[2019.10.01-15.31.16:017][697]LogDirectoryWatcher: A directory notification for 'C:/Program Files/Epic Games/UE_4.19/FeaturePacks/' was aborted.
[2019.10.01-15.31.16:020][697]LogModuleManager: Shutting down and abandoning module WidgetCarousel (569)
[2019.10.01-15.31.16:020][697]LogModuleManager: Shutting down and abandoning module EditorWidgets (566)
[2019.10.01-15.31.16:020][697]LogModuleManager: Shutting down and abandoning module CollectionManager (564)
[2019.10.01-15.31.16:020][697]LogModuleManager: Shutting down and abandoning module StatsViewer (562)
[2019.10.01-15.31.16:020][697]LogModuleManager: Shutting down and abandoning module FoliageEdit (560)
[2019.10.01-15.31.16:020][697]LogModuleManager: Shutting down and abandoning module LandscapeEditor (558)
[2019.10.01-15.31.16:020][697]LogModuleManager: Shutting down and abandoning module MeshPaintMode (556)
[2019.10.01-15.31.16:020][697]LogModuleManager: Shutting down and abandoning module SceneDepthPickerMode (554)
[2019.10.01-15.31.16:020][697]LogModuleManager: Shutting down and abandoning module ActorPickerMode (552)
[2019.10.01-15.31.16:020][697]LogModuleManager: Shutting down and abandoning module GeometryMode (550)
[2019.10.01-15.31.16:021][697]LogModuleManager: Shutting down and abandoning module TextureAlignMode (548)
[2019.10.01-15.31.16:021][697]LogModuleManager: Shutting down and abandoning module BspMode (546)
[2019.10.01-15.31.16:021][697]LogModuleManager: Shutting down and abandoning module PIEPreviewDeviceProfileSelector (544)
[2019.10.01-15.31.16:021][697]LogModuleManager: Shutting down and abandoning module HardwareSurvey (542)
[2019.10.01-15.31.16:021][697]LogModuleManager: Shutting down and abandoning module SequenceRecorderSections (540)
[2019.10.01-15.31.16:021][697]LogModuleManager: Shutting down and abandoning module AutomationWorker (538)
[2019.10.01-15.31.16:021][697]LogModuleManager: Shutting down and abandoning module AudioCaptureEditor (536)
[2019.10.01-15.31.16:021][697]LogModuleManager: Shutting down and abandoning module SequenceRecorder (535)
[2019.10.01-15.31.16:021][697]LogModuleManager: Shutting down and abandoning module MatineeToLevelSequence (532)
[2019.10.01-15.31.16:021][697]LogModuleManager: Shutting down and abandoning module LevelSequenceEditor (530)
[2019.10.01-15.31.16:022][697]LogModuleManager: Shutting down and abandoning module PlacementMode (529)
[2019.10.01-15.31.16:022][697]LogModuleManager: Shutting down and abandoning module MaterialEditor (528)
[2019.10.01-15.31.16:022][697]LogModuleManager: Shutting down and abandoning module WmfMediaFactory (524)
[2019.10.01-15.31.16:022][697]LogModuleManager: Shutting down and abandoning module WmfMediaEditor (522)
[2019.10.01-15.31.16:022][697]LogModuleManager: Shutting down and abandoning module MediaPlayerEditor (520)
[2019.10.01-15.31.16:023][697]LogModuleManager: Shutting down and abandoning module OpenExrWrapper (518)
[2019.10.01-15.31.16:023][697]LogModuleManager: Shutting down and abandoning module ImgMediaFactory (516)
[2019.10.01-15.31.16:023][697]LogModuleManager: Shutting down and abandoning module ImgMediaEditor (514)
[2019.10.01-15.31.16:023][697]LogModuleManager: Shutting down and abandoning module AvfMediaFactory (512)
[2019.10.01-15.31.16:023][697]LogModuleManager: Shutting down and abandoning module AvfMediaEditor (510)
[2019.10.01-15.31.16:023][697]LogModuleManager: Shutting down and abandoning module AndroidMediaFactory (508)
[2019.10.01-15.31.16:023][697]LogModuleManager: Shutting down and abandoning module AndroidMediaEditor (506)
[2019.10.01-15.31.16:023][697]LogModuleManager: Shutting down and abandoning module CharacterAI (504)
[2019.10.01-15.31.16:023][697]LogModuleManager: Shutting down and abandoning module SmartSnapping (502)
[2019.10.01-15.31.16:023][697]LogModuleManager: Shutting down and abandoning module SessionServices (500)
[2019.10.01-15.31.16:023][697]LogModuleManager: Shutting down and abandoning module ViewportSnapping (498)
[2019.10.01-15.31.16:023][697]LogModuleManager: Shutting down and abandoning module ViewportInteraction (496)
[2019.10.01-15.31.16:023][697]LogModuleManager: Shutting down and abandoning module ClothPainter (494)
[2019.10.01-15.31.16:023][697]LogModuleManager: Shutting down and abandoning module SkeletalMeshEditor (493)
[2019.10.01-15.31.16:025][697]LogModuleManager: Shutting down and abandoning module LogVisualizer (490)
[2019.10.01-15.31.16:025][697]LogModuleManager: Shutting down and abandoning module IntroTutorials (488)
[2019.10.01-15.31.16:025][697]LogModuleManager: Shutting down and abandoning module GameProjectGeneration (487)
[2019.10.01-15.31.16:025][697]LogModuleManager: Shutting down and abandoning module IOSPlatformEditor (484)
[2019.10.01-15.31.16:025][697]LogModuleManager: Shutting down and abandoning module HTML5PlatformEditor (482)
[2019.10.01-15.31.16:025][697]LogModuleManager: Shutting down and abandoning module AndroidPlatformEditor (480)
[2019.10.01-15.31.16:025][697]LogModuleManager: Shutting down and abandoning module AndroidDeviceDetection (479)
[2019.10.01-15.31.16:648][697]LogModuleManager: Shutting down and abandoning module WindowsPlatformEditor (476)
[2019.10.01-15.31.16:648][697]LogModuleManager: Shutting down and abandoning module IOSRuntimeSettings (474)
[2019.10.01-15.31.16:648][697]LogModuleManager: Shutting down and abandoning module AndroidRuntimeSettings (472)
[2019.10.01-15.31.16:648][697]LogModuleManager: Shutting down and abandoning module InputBindingEditor (470)
[2019.10.01-15.31.16:648][697]LogModuleManager: Shutting down and abandoning module MergeActors (468)
[2019.10.01-15.31.16:650][697]LogModuleManager: Shutting down and abandoning module LocalizationDashboard (466)
[2019.10.01-15.31.16:651][697]LogModuleManager: Shutting down and abandoning module LocalizationService (465)
[2019.10.01-15.31.16:651][697]LogModuleManager: Shutting down and abandoning module HardwareTargeting (462)
[2019.10.01-15.31.16:651][697]LogModuleManager: Shutting down and abandoning module DeviceProfileEditor (460)
[2019.10.01-15.31.16:651][697]LogModuleManager: Shutting down and abandoning module UndoHistory (458)
[2019.10.01-15.31.16:651][697]LogModuleManager: Shutting down and abandoning module XmlParser (456)
[2019.10.01-15.31.16:651][697]LogModuleManager: Shutting down and abandoning module Blutility (454)
[2019.10.01-15.31.16:651][697]LogModuleManager: Shutting down and abandoning module ProjectSettingsViewer (452)
[2019.10.01-15.31.16:652][697]LogModuleManager: Shutting down and abandoning module ProjectTargetPlatformEditor (451)
[2019.10.01-15.31.16:652][697]LogModuleManager: Shutting down and abandoning module EditorSettingsViewer (448)
[2019.10.01-15.31.16:652][697]LogModuleManager: Shutting down and abandoning module SettingsEditor (446)
[2019.10.01-15.31.16:654][697]LogModuleManager: Shutting down and abandoning module ProjectLauncher (444)
[2019.10.01-15.31.16:654][697]LogModuleManager: Shutting down and abandoning module SessionFrontend (442)
[2019.10.01-15.31.16:654][697]LogModuleManager: Shutting down and abandoning module ProfilerClient (440)
[2019.10.01-15.31.16:655][697]LogModuleManager: Shutting down and abandoning module DeviceManager (438)
[2019.10.01-15.31.16:656][697]LogModuleManager: Shutting down and abandoning module TargetDeviceServices (437)
[2019.10.01-15.31.16:729][697]LogModuleManager: Shutting down and abandoning module AutomationController (434)
[2019.10.01-15.31.16:729][697]LogModuleManager: Shutting down and abandoning module AutomationWindow (432)
[2019.10.01-15.31.16:732][697]LogModuleManager: Shutting down and abandoning module Layers (430)
[2019.10.01-15.31.16:736][697]LogModuleManager: Shutting down and abandoning module ComponentVisualizers (428)
[2019.10.01-15.31.16:736][697]LogModuleManager: Shutting down and abandoning module DetailCustomizations (426)
[2019.10.01-15.31.16:736][697]LogModuleManager: Shutting down and abandoning module PackagesDialog (424)
[2019.10.01-15.31.16:737][697]LogModuleManager: Shutting down and abandoning module Persona (422)
[2019.10.01-15.31.16:738][697]LogModuleManager: Shutting down and abandoning module AdvancedPreviewScene (421)
[2019.10.01-15.31.16:738][697]LogModuleManager: Shutting down and abandoning module AnimGraph (419)
[2019.10.01-15.31.16:738][697]LogModuleManager: Shutting down and abandoning module Kismet (416)
[2019.10.01-15.31.16:749][697]LogModuleManager: Shutting down and abandoning module GraphEditor (414)
[2019.10.01-15.31.16:749][697]LogModuleManager: Shutting down and abandoning module ClassViewer (412)
[2019.10.01-15.31.16:749][697]LogModuleManager: Shutting down and abandoning module Toolbox (410)
[2019.10.01-15.31.16:749][697]LogModuleManager: Shutting down and abandoning module ModuleUI (408)
[2019.10.01-15.31.16:750][697]LogModuleManager: Shutting down and abandoning module MovieSceneTools (406)
[2019.10.01-15.31.16:750][697]LogModuleManager: Shutting down and abandoning module OutputLog (404)
[2019.10.01-15.31.16:751][697]LogModuleManager: Shutting down and abandoning module GammaUI (402)
[2019.10.01-15.31.16:751][697]LogModuleManager: Shutting down and abandoning module Documentation (400)
[2019.10.01-15.31.16:751][697]LogModuleManager: Shutting down and abandoning module MovieSceneTracks (398)
[2019.10.01-15.31.16:751][697]LogModuleManager: Shutting down and abandoning module MovieScene (396)
[2019.10.01-15.31.16:751][697]LogModuleManager: Shutting down and abandoning module StreamingPauseRendering (394)
[2019.10.01-15.31.16:751][697]LogModuleManager: Shutting down and abandoning module LauncherPlatform (392)
[2019.10.01-15.31.16:752][697]LogModuleManager: Shutting down and abandoning module AnalyticsET (390)
[2019.10.01-15.31.16:752][697]LogModuleManager: Shutting down and abandoning module PortalServices (388)
[2019.10.01-15.31.16:752][697]LogModuleManager: Shutting down and abandoning module PortalRpc (386)
[2019.10.01-15.31.16:752][697]LogModuleManager: Shutting down and abandoning module MessagingRpc (384)
[2019.10.01-15.31.16:752][697]LogModuleManager: Shutting down and abandoning module AIModule (382)
[2019.10.01-15.31.16:752][697]LogModuleManager: Shutting down and abandoning module GameplayDebugger (381)
[2019.10.01-15.31.16:752][697]LogModuleManager: Shutting down and abandoning module AITestSuite (379)
[2019.10.01-15.31.16:752][697]LogModuleManager: Shutting down and abandoning module DesktopPlatform (376)
[2019.10.01-15.31.16:752][697]LogModuleManager: Shutting down and abandoning module ProfilerService (374)
[2019.10.01-15.31.16:961][697]LogModuleManager: Shutting down and abandoning module TaskGraph (372)
[2019.10.01-15.31.16:961][697]LogModuleManager: Shutting down and abandoning module SteamVRController (370)
[2019.10.01-15.31.16:961][697]LogModuleManager: Shutting down and abandoning module ProceduralMeshComponentEditor (368)
[2019.10.01-15.31.16:961][697]LogModuleManager: Shutting down and abandoning module ProceduralMeshComponent (366)
[2019.10.01-15.31.16:961][697]LogModuleManager: Shutting down and abandoning module OculusInput (364)
[2019.10.01-15.31.16:961][697]LogModuleManager: Shutting down and abandoning module MobilePatchingUtils (362)
[2019.10.01-15.31.16:961][697]LogModuleManager: Shutting down and abandoning module CustomMeshComponent (360)
[2019.10.01-15.31.16:961][697]LogModuleManager: Shutting down and abandoning module CableComponent (358)
[2019.10.01-15.31.16:961][697]LogModuleManager: Shutting down and abandoning module AudioCapture (356)
[2019.10.01-15.31.16:961][697]LogModuleManager: Shutting down and abandoning module ArchVisCharacter (354)
[2019.10.01-15.31.16:961][697]LogModuleManager: Shutting down and abandoning module AndroidPermission (352)
[2019.10.01-15.31.16:961][697]LogModuleManager: Shutting down and abandoning module NUTUnrealEngine4 (348)
[2019.10.01-15.31.16:961][697]LogModuleManager: Shutting down and abandoning module NetcodeUnitTest (346)
[2019.10.01-15.31.16:963][697]LogModuleManager: Shutting down and abandoning module MediaCompositingEditor (344)
[2019.10.01-15.31.16:963][697]LogModuleManager: Shutting down and abandoning module MediaCompositing (342)
[2019.10.01-15.31.16:963][697]LogModuleManager: Shutting down and abandoning module LinearTimecode (340)
[2019.10.01-15.31.16:963][697]LogModuleManager: Shutting down and abandoning module ImgMedia (338)
[2019.10.01-15.31.16:970][697]LogModuleManager: Shutting down and abandoning module HTML5Networking (336)
[2019.10.01-15.31.16:970][697]LogModuleManager: Shutting down and abandoning module AlembicImporter (334)
[2019.10.01-15.31.16:971][697]LogModuleManager: Shutting down and abandoning module AlembicLibrary (333)
[2019.10.01-15.31.16:971][697]LogModuleManager: Shutting down and abandoning module GeometryCache (332)
[2019.10.01-15.31.16:971][697]LogModuleManager: Shutting down and abandoning module GeometryCacheEd (331)
[2019.10.01-15.31.16:971][697]LogModuleManager: Shutting down and abandoning module DatasmithContent (326)
[2019.10.01-15.31.16:971][697]LogModuleManager: Shutting down and abandoning module SpeedTreeImporter (324)
[2019.10.01-15.31.16:971][697]LogModuleManager: Shutting down and abandoning module PluginBrowser (322)
[2019.10.01-15.31.16:972][697]LogModuleManager: Shutting down and abandoning module MobileLauncherProfileWizard (320)
[2019.10.01-15.31.16:974][697]LogModuleManager: Shutting down and abandoning module CryptoKeysOpenSSL (318)
[2019.10.01-15.31.16:974][697]LogModuleManager: Shutting down and abandoning module CryptoKeys (316)
[2019.10.01-15.31.16:974][697]LogModuleManager: Shutting down and abandoning module VisualStudioSourceCodeAccess (314)
[2019.10.01-15.31.16:974][697]LogModuleManager: Shutting down and abandoning module VisualStudioCodeSourceCodeAccess (312)
[2019.10.01-15.31.16:974][697]LogModuleManager: Shutting down and abandoning module UObjectPlugin (310)
[2019.10.01-15.31.16:974][697]LogModuleManager: Shutting down and abandoning module SubversionSourceControl (308)
[2019.10.01-15.31.16:974][697]LogModuleManager: Shutting down and abandoning module PerforceSourceControl (306)
[2019.10.01-15.31.16:974][697]LogModuleManager: Shutting down and abandoning module GitSourceControl (304)
[2019.10.01-15.31.16:974][697]LogModuleManager: Shutting down and abandoning module SourceControl (303)
[2019.10.01-15.31.16:974][697]LogModuleManager: Shutting down and abandoning module CLionSourceCodeAccess (300)
[2019.10.01-15.31.16:974][697]LogModuleManager: Shutting down and abandoning module LightPropagationVolumeEditor (298)
[2019.10.01-15.31.16:974][697]LogModuleManager: Shutting down and abandoning module PaperTiledImporter (296)
[2019.10.01-15.31.16:974][697]LogModuleManager: Shutting down and abandoning module PaperSpriteSheetImporter (294)
[2019.10.01-15.31.16:974][697]LogModuleManager: Shutting down and abandoning module Paper2DEditor (292)
[2019.10.01-15.31.16:975][697]LogModuleManager: Shutting down and abandoning module MeshPaint (291)
[2019.10.01-15.31.16:975][697]LogModuleManager: Shutting down and abandoning module RuntimePhysXCooking (288)
[2019.10.01-15.31.16:976][697]LogModuleManager: Shutting down and abandoning module PhysXVehiclesEditor (286)
[2019.10.01-15.31.16:976][697]LogModuleManager: Shutting down and abandoning module PhysXVehicles (284)
[2019.10.01-15.31.16:976][697]LogModuleManager: Shutting down and abandoning module OculusEditor (282)
[2019.10.01-15.31.16:976][697]LogModuleManager: Shutting down and abandoning module LocationServicesBPLibrary (280)
[2019.10.01-15.31.16:976][697]LogModuleManager: Shutting down and abandoning module ImmediatePhysicsEditor (278)
[2019.10.01-15.31.16:976][697]LogModuleManager: Shutting down and abandoning module ImmediatePhysics (276)
[2019.10.01-15.31.16:976][697]LogModuleManager: Shutting down and abandoning module ActorSequence (274)
[2019.10.01-15.31.16:976][697]LogModuleManager: Shutting down and abandoning module UdpMessaging (272)
[2019.10.01-15.31.17:077][697]LogModuleManager: Shutting down and abandoning module TcpMessaging (270)
[2019.10.01-15.31.17:178][697]LogModuleManager: Shutting down and abandoning module GameplayTagsEditor (268)
[2019.10.01-15.31.17:179][697]LogModuleManager: Shutting down and abandoning module FacialAnimationEditor (266)
[2019.10.01-15.31.17:179][697]LogModuleManager: Shutting down and abandoning module FacialAnimation (264)
[2019.10.01-15.31.17:179][697]LogModuleManager: Shutting down and abandoning module DataValidation (262)
[2019.10.01-15.31.17:179][697]LogModuleManager: Shutting down and abandoning module AssetManagerEditor (260)
[2019.10.01-15.31.17:180][697]LogModuleManager: Shutting down and abandoning module LevelEditor (259)
[2019.10.01-15.31.17:182][697]LogModuleManager: Shutting down and abandoning module PixelInspectorModule (258)
[2019.10.01-15.31.17:182][697]LogModuleManager: Shutting down and abandoning module CommonMenuExtensions (256)
[2019.10.01-15.31.17:182][697]LogModuleManager: Shutting down and abandoning module MainFrame (254)
[2019.10.01-15.31.17:183][697]LogModuleManager: Shutting down and abandoning module HotReload (253)
[2019.10.01-15.31.17:184][697]LogModuleManager: Shutting down and abandoning module ContentBrowser (249)
[2019.10.01-15.31.17:186][697]LogModuleManager: Shutting down and abandoning module TreeMap (247)
[2019.10.01-15.31.17:186][697]LogModuleManager: Shutting down and abandoning module LightPropagationVolumeRuntime (244)
[2019.10.01-15.31.17:186][697]LogModuleManager: Shutting down and abandoning module LiveLinkEditor (242)
[2019.10.01-15.31.17:186][697]LogModuleManager: Shutting down and abandoning module LiveLink (240)
[2019.10.01-15.31.17:781][697]LogModuleManager: Shutting down and abandoning module Paper2D (238)
[2019.10.01-15.31.17:781][697]LogModuleManager: Shutting down and abandoning module WindowsMoviePlayer (236)
[2019.10.01-15.31.17:781][697]LogModuleManager: Shutting down and abandoning module WmfMedia (234)
[2019.10.01-15.31.17:785][697]LogModuleManager: Shutting down and abandoning module Media (233)
[2019.10.01-15.31.17:791][697]LogModuleManager: Shutting down and abandoning module PacketHandler (230)
[2019.10.01-15.31.17:792][697]LogModuleManager: Shutting down and abandoning module ClothingSystemEditor (228)
[2019.10.01-15.31.17:792][697]LogModuleManager: Shutting down and abandoning module ClothingSystemRuntime (226)
[2019.10.01-15.31.17:792][697]LogModuleManager: Shutting down and abandoning module MediaAssets (224)
[2019.10.01-15.31.17:792][697]LogModuleManager: Shutting down and abandoning module Overlay (222)
[2019.10.01-15.31.17:792][697]LogModuleManager: Shutting down and abandoning module OverlayEditor (221)
[2019.10.01-15.31.17:792][697]LogModuleManager: Shutting down and abandoning module VREditor (218)
[2019.10.01-15.31.17:793][697]LogModuleManager: Shutting down and abandoning module StringTableEditor (216)
[2019.10.01-15.31.17:793][697]LogModuleManager: Shutting down and abandoning module GameplayTasksEditor (214)
[2019.10.01-15.31.17:793][697]LogModuleManager: Shutting down and abandoning module BehaviorTreeEditor (212)
[2019.10.01-15.31.17:795][697]LogModuleManager: Shutting down and abandoning module FunctionalTesting (210)
[2019.10.01-15.31.17:795][697]LogModuleManager: Shutting down and abandoning module CollisionAnalyzer (208)
[2019.10.01-15.31.17:795][697]LogModuleManager: Shutting down and abandoning module WorkspaceMenuStructure (207)
[2019.10.01-15.31.17:795][697]LogModuleManager: Shutting down and abandoning module UMG (204)
[2019.10.01-15.31.17:795][697]LogModuleManager: Shutting down and abandoning module UMGEditor (203)
[2019.10.01-15.31.17:795][697]LogModuleManager: Shutting down and abandoning module Sequencer (202)
[2019.10.01-15.31.17:795][697]LogModuleManager: Shutting down and abandoning module MessageLog (199)
[2019.10.01-15.31.17:795][697]LogModuleManager: Shutting down and abandoning module SlateReflector (194)
[2019.10.01-15.31.17:799][697]LogModuleManager: Shutting down and abandoning module Slate (192)
[2019.10.01-15.31.17:799][697]LogModuleManager: Shutting down and abandoning module EditorStyle (190)
[2019.10.01-15.31.17:803][697]LogModuleManager: Shutting down and abandoning module MRMesh (188)
[2019.10.01-15.31.17:803][697]LogModuleManager: Shutting down and abandoning module SourceCodeAccess (186)
[2019.10.01-15.31.17:803][697]LogModuleManager: Shutting down and abandoning module HeadMountedDisplay (184)
[2019.10.01-15.31.17:803][697]LogModuleManager: Shutting down and abandoning module XAudio2 (182)
[2019.10.01-15.31.17:804][697]LogModuleManager: Shutting down and abandoning module Networking (180)
[2019.10.01-15.31.17:804][697]LogModuleManager: Shutting down and abandoning module Core (178)
[2019.10.01-15.31.17:804][697]LogModuleManager: Shutting down and abandoning module LevelSequence (176)
[2019.10.01-15.31.17:804][697]LogModuleManager: Shutting down and abandoning module KismetCompiler (174)
[2019.10.01-15.31.17:804][697]LogModuleManager: Shutting down and abandoning module MeshUtilities (172)
[2019.10.01-15.31.17:805][697]LogModuleManager: Shutting down and abandoning module MeshMergeUtilities (171)
[2019.10.01-15.31.17:806][697]LogModuleManager: Shutting down and abandoning module MeshReductionInterface (170)
[2019.10.01-15.31.17:806][697]LogModuleManager: Shutting down and abandoning module SimplygonSwarm (169)
[2019.10.01-15.31.17:806][697]LogModuleManager: Shutting down and abandoning module SimplygonMeshReduction (167)
[2019.10.01-15.31.17:806][697]LogModuleManager: Shutting down and abandoning module QuadricMeshReduction (165)
[2019.10.01-15.31.17:806][697]LogModuleManager: Shutting down and abandoning module MaterialBaking (161)
[2019.10.01-15.31.17:806][697]LogModuleManager: Shutting down and abandoning module DirectoryWatcher (157)
[2019.10.01-15.31.17:808][697]LogModuleManager: Shutting down and abandoning module DerivedDataCache (154)
[2019.10.01-15.31.17:830][697]LogDerivedDataCache: Shutdown
[2019.10.01-15.31.17:830][697]LogModuleManager: Shutting down and abandoning module XGEController (152)
[2019.10.01-15.31.17:830][697]LogModuleManager: Shutting down and abandoning module TargetPlatform (150)
[2019.10.01-15.31.17:830][697]LogModuleManager: Shutting down and abandoning module VulkanShaderFormat (149)
[2019.10.01-15.31.17:830][697]LogModuleManager: Shutting down and abandoning module ShaderFormatVectorVM (147)
[2019.10.01-15.31.17:832][697]LogModuleManager: Shutting down and abandoning module ShaderFormatOpenGL (145)
[2019.10.01-15.31.17:833][697]LogModuleManager: Shutting down and abandoning module ShaderFormatD3D (143)
[2019.10.01-15.31.17:833][697]LogModuleManager: Shutting down and abandoning module MetalShaderFormat (141)
[2019.10.01-15.31.17:834][697]LogModuleManager: Shutting down and abandoning module TextureFormatUncompressed (139)
[2019.10.01-15.31.17:834][697]LogModuleManager: Shutting down and abandoning module TextureFormatPVR (137)
[2019.10.01-15.31.17:834][697]LogModuleManager: Shutting down and abandoning module TextureFormatDXT (135)
[2019.10.01-15.31.17:834][697]LogModuleManager: Shutting down and abandoning module TextureFormatIntelISPCTexComp (133)
[2019.10.01-15.31.17:834][697]LogModuleManager: Shutting down and abandoning module TextureFormatASTC (131)
[2019.10.01-15.31.17:834][697]LogModuleManager: Shutting down and abandoning module ImageWrapper (130)
[2019.10.01-15.31.17:835][697]LogModuleManager: Shutting down and abandoning module TextureFormatAndroid (127)
[2019.10.01-15.31.17:835][697]LogModuleManager: Shutting down and abandoning module AudioFormatOpus (125)
[2019.10.01-15.31.17:835][697]LogModuleManager: Shutting down and abandoning module AudioFormatOgg (123)
[2019.10.01-15.31.17:835][697]LogModuleManager: Shutting down and abandoning module AudioFormatADPCM (121)
[2019.10.01-15.31.17:835][697]LogModuleManager: Shutting down and abandoning module LinuxTargetPlatform (119)
[2019.10.01-15.31.17:835][697]LogModuleManager: Shutting down and abandoning module LinuxServerTargetPlatform (117)
[2019.10.01-15.31.17:835][697]LogModuleManager: Shutting down and abandoning module LinuxNoEditorTargetPlatform (115)
[2019.10.01-15.31.17:835][697]LogModuleManager: Shutting down and abandoning module LinuxClientTargetPlatform (113)
[2019.10.01-15.31.17:835][697]LogModuleManager: Shutting down and abandoning module TVOSTargetPlatform (111)
[2019.10.01-15.31.17:835][697]LogModuleManager: Shutting down and abandoning module Messaging (109)
[2019.10.01-15.31.17:835][697]LogModuleManager: Shutting down and abandoning module IOSTargetPlatform (107)
[2019.10.01-15.31.17:835][697]LogModuleManager: Shutting down and abandoning module HTML5TargetPlatform (105)
[2019.10.01-15.31.17:835][697]LogModuleManager: Shutting down and abandoning module AndroidTargetPlatform (103)
[2019.10.01-15.31.17:835][697]LogModuleManager: Shutting down and abandoning module Android_PVRTCTargetPlatform (101)
[2019.10.01-15.31.17:835][697]LogModuleManager: Shutting down and abandoning module Android_MultiTargetPlatform (99)
[2019.10.01-15.31.17:835][697]LogModuleManager: Shutting down and abandoning module Android_ETC2TargetPlatform (97)
[2019.10.01-15.31.17:835][697]LogModuleManager: Shutting down and abandoning module Android_ETC1TargetPlatform (95)
[2019.10.01-15.31.17:835][697]LogModuleManager: Shutting down and abandoning module Android_ETC1aTargetPlatform (93)
[2019.10.01-15.31.17:835][697]LogModuleManager: Shutting down and abandoning module Android_DXTTargetPlatform (91)
[2019.10.01-15.31.17:835][697]LogModuleManager: Shutting down and abandoning module Android_ATCTargetPlatform (89)
[2019.10.01-15.31.17:835][697]LogModuleManager: Shutting down and abandoning module Android_ASTCTargetPlatform (87)
[2019.10.01-15.31.17:835][697]LogModuleManager: Shutting down and abandoning module WindowsTargetPlatform (85)
[2019.10.01-15.31.17:835][697]LogModuleManager: Shutting down and abandoning module WindowsServerTargetPlatform (83)
[2019.10.01-15.31.17:835][697]LogModuleManager: Shutting down and abandoning module WindowsNoEditorTargetPlatform (81)
[2019.10.01-15.31.17:836][697]LogModuleManager: Shutting down and abandoning module WindowsClientTargetPlatform (79)
[2019.10.01-15.31.17:836][697]LogModuleManager: Shutting down and abandoning module MacTargetPlatform (77)
[2019.10.01-15.31.17:836][697]LogModuleManager: Shutting down and abandoning module MacServerTargetPlatform (75)
[2019.10.01-15.31.17:836][697]LogModuleManager: Shutting down and abandoning module MacNoEditorTargetPlatform (73)
[2019.10.01-15.31.17:836][697]LogModuleManager: Shutting down and abandoning module MacClientTargetPlatform (71)
[2019.10.01-15.31.17:836][697]LogModuleManager: Shutting down and abandoning module AllDesktopTargetPlatform (69)
[2019.10.01-15.31.17:836][697]LogModuleManager: Shutting down and abandoning module InputCore (66)
[2019.10.01-15.31.17:836][697]LogModuleManager: Shutting down and abandoning module Settings (64)
[2019.10.01-15.31.17:836][697]LogModuleManager: Shutting down and abandoning module PhysXCooking (62)
[2019.10.01-15.31.17:836][697]LogModuleManager: Shutting down and abandoning module SteamVR (60)
[2019.10.01-15.31.17:836][697]LogModuleManager: Shutting down and abandoning module OculusHMD (58)
[2019.10.01-15.31.17:836][697]LogModuleManager: Shutting down and abandoning module ExampleDeviceProfileSelector (56)
[2019.10.01-15.31.17:836][697]LogModuleManager: Shutting down and abandoning module AppleARKit (54)
[2019.10.01-15.31.17:836][697]LogModuleManager: Shutting down and abandoning module AugmentedReality (51)
[2019.10.01-15.31.17:836][697]LogModuleManager: Shutting down and abandoning module OnlineBlueprintSupport (48)
[2019.10.01-15.31.17:836][697]LogModuleManager: Shutting down and abandoning module OnlineSubsystem (44)
[2019.10.01-15.31.17:839][697]LogModuleManager: Shutting down and abandoning module XMPP (43)
[2019.10.01-15.31.17:840][697]LogModuleManager: Shutting down and abandoning module HTTP (41)
[2019.10.01-15.31.17:840][697]LogHttp: Display: Http module shutting down, but needs to wait on 1 outstanding Http requests:
[2019.10.01-15.31.17:840][697]LogHttp: Display: 	verb=[POST] url=[https://datarouter.ol.epicgames.com/datarouter/api/v1/public/data?SessionID=%7B149BF099-4093-2F02-B5E2-398DFB8CBF8F%7D&AppID=UEEditor.Rocket.Release&AppVersion=4.19.2-4033788%2B%2B%2BUE4%2BRelease-4.19&UserID=8ac0c8584b6ce893ceeb23a4c537e5b3%7C292ff2b9afc043e0afa58d361bbda69c%7C02348b32-ec59-4e8a-8fbc-f38ab7c7c2be&AppEnvironment=datacollector-binary&UploadType=eteventstream] status=Processing
[2019.10.01-15.31.17:866][697]LogModuleManager: Shutting down and abandoning module SSL (40)
[2019.10.01-15.31.17:869][697]LogModuleManager: Shutting down and abandoning module AnimationModifiers (36)
[2019.10.01-15.31.17:869][697]LogModuleManager: Shutting down and abandoning module PropertyEditor (35)
[2019.10.01-15.31.17:869][697]LogModuleManager: Shutting down and abandoning module AudioEditor (32)
[2019.10.01-15.31.17:870][697]LogModuleManager: Shutting down and abandoning module TextureCompressor (30)
[2019.10.01-15.31.17:870][697]LogModuleManager: Shutting down and abandoning module ShaderCore (28)
[2019.10.01-15.31.17:871][697]LogModuleManager: Shutting down and abandoning module Landscape (26)
[2019.10.01-15.31.17:871][697]LogModuleManager: Shutting down and abandoning module SlateRHIRenderer (24)
[2019.10.01-15.31.17:873][697]LogModuleManager: Shutting down and abandoning module OpenGLDrv (22)
[2019.10.01-15.31.17:874][697]LogModuleManager: Shutting down and abandoning module D3D11RHI (20)
[2019.10.01-15.31.17:874][697]LogModuleManager: Shutting down and abandoning module AnimGraphRuntime (18)
[2019.10.01-15.31.17:874][697]LogModuleManager: Shutting down and abandoning module Renderer (16)
[2019.10.01-15.31.17:874][697]LogModuleManager: Shutting down and abandoning module Engine (14)
[2019.10.01-15.31.17:874][697]LogModuleManager: Shutting down and abandoning module CoreUObject (12)
[2019.10.01-15.31.17:874][697]LogModuleManager: Shutting down and abandoning module NetworkFile (10)
[2019.10.01-15.31.17:874][697]LogModuleManager: Shutting down and abandoning module CookedIterativeFile (8)
[2019.10.01-15.31.17:874][697]LogModuleManager: Shutting down and abandoning module StreamingFile (6)
[2019.10.01-15.31.17:874][697]LogModuleManager: Shutting down and abandoning module SandboxFile (4)
[2019.10.01-15.31.17:874][697]LogModuleManager: Shutting down and abandoning module PakFile (2)
[2019.10.01-15.31.17:883][697]LogExit: Exiting.
[2019.10.01-15.31.17:907][697]Log file closed, 10/01/19 16:31:17
